{"/home/travis/build/npmtest/node-npmtest-sass-lint/test.js":{"path":"/home/travis/build/npmtest/node-npmtest-sass-lint/test.js","s":{"1":2,"2":2,"3":2,"4":2,"5":2,"6":2,"7":2,"8":1,"9":2,"10":2,"11":1,"12":1,"13":1,"14":1,"15":2,"16":2,"17":2,"18":2,"19":1,"20":1,"21":2,"22":2,"23":2,"24":1,"25":1,"26":1,"27":1,"28":1,"29":1,"30":1,"31":1,"32":1,"33":1,"34":1,"35":1,"36":1,"37":2,"38":2,"39":1,"40":2,"41":2,"42":1,"43":2,"44":2,"45":1,"46":2,"47":2,"48":1,"49":1,"50":1,"51":1,"52":1},"b":{"1":[2,1,1,1],"2":[1,1,1,1],"3":[1,1],"4":[1,1],"5":[1,1],"6":[1,1],"7":[1,1],"8":[1,1],"9":[1,1,1],"10":[1,1],"11":[1,1],"12":[1,1],"13":[1,1],"14":[1,1],"15":[1,1],"16":[1,1]},"f":{"1":2,"2":2,"3":2,"4":2,"5":2,"6":1,"7":1,"8":2,"9":2,"10":2,"11":2,"12":1},"fnMap":{"1":{"name":"(anonymous_1)","line":12,"loc":{"start":{"line":12,"column":1},"end":{"line":12,"column":13}}},"2":{"name":"(anonymous_2)","line":19,"loc":{"start":{"line":19,"column":5},"end":{"line":19,"column":17}}},"3":{"name":"(anonymous_3)","line":23,"loc":{"start":{"line":23,"column":24},"end":{"line":23,"column":36}}},"4":{"name":"(anonymous_4)","line":61,"loc":{"start":{"line":61,"column":5},"end":{"line":61,"column":17}}},"5":{"name":"(anonymous_5)","line":82,"loc":{"start":{"line":82,"column":5},"end":{"line":82,"column":17}}},"6":{"name":"(anonymous_6)","line":102,"loc":{"start":{"line":102,"column":83},"end":{"line":105,"column":10}},"skip":true},"7":{"name":"(anonymous_7)","line":113,"loc":{"start":{"line":113,"column":77},"end":{"line":116,"column":10}},"skip":true},"8":{"name":"(anonymous_8)","line":129,"loc":{"start":{"line":129,"column":12},"end":{"line":129,"column":40}},"skip":true},"9":{"name":"(anonymous_9)","line":137,"loc":{"start":{"line":137,"column":77},"end":{"line":140,"column":10}},"skip":true},"10":{"name":"(anonymous_10)","line":148,"loc":{"start":{"line":148,"column":83},"end":{"line":151,"column":10}},"skip":true},"11":{"name":"(anonymous_11)","line":159,"loc":{"start":{"line":159,"column":79},"end":{"line":162,"column":10}},"skip":true},"12":{"name":"(anonymous_12)","line":170,"loc":{"start":{"line":170,"column":75},"end":{"line":173,"column":10}},"skip":true}},"statementMap":{"1":{"start":{"line":12,"column":0},"end":{"line":185,"column":5}},"2":{"start":{"line":14,"column":4},"end":{"line":14,"column":14}},"3":{"start":{"line":19,"column":4},"end":{"line":56,"column":9}},"4":{"start":{"line":21,"column":8},"end":{"line":21,"column":19}},"5":{"start":{"line":23,"column":8},"end":{"line":35,"column":13}},"6":{"start":{"line":24,"column":12},"end":{"line":34,"column":13}},"7":{"start":{"line":25,"column":16},"end":{"line":28,"column":30}},"8":{"start":{"line":30,"column":16},"end":{"line":33,"column":27}},"9":{"start":{"line":37,"column":8},"end":{"line":39,"column":21}},"10":{"start":{"line":40,"column":8},"end":{"line":53,"column":9}},"11":{"start":{"line":43,"column":12},"end":{"line":46,"column":14}},"12":{"start":{"line":47,"column":12},"end":{"line":47,"column":18}},"13":{"start":{"line":50,"column":12},"end":{"line":51,"column":46}},"14":{"start":{"line":52,"column":12},"end":{"line":52,"column":18}},"15":{"start":{"line":55,"column":8},"end":{"line":55,"column":35}},"16":{"start":{"line":61,"column":4},"end":{"line":63,"column":9}},"17":{"start":{"line":62,"column":8},"end":{"line":62,"column":15}},"18":{"start":{"line":64,"column":4},"end":{"line":77,"column":5}},"19":{"start":{"line":70,"column":8},"end":{"line":70,"column":14}},"20":{"start":{"line":76,"column":8},"end":{"line":76,"column":14}},"21":{"start":{"line":82,"column":4},"end":{"line":84,"column":9}},"22":{"start":{"line":83,"column":8},"end":{"line":83,"column":15}},"23":{"start":{"line":85,"column":4},"end":{"line":184,"column":5}},"24":{"start":{"line":92,"column":8},"end":{"line":94,"column":63}},"25":{"start":{"line":95,"column":8},"end":{"line":95,"column":14}},"26":{"start":{"line":102,"column":8},"end":{"line":111,"column":10},"skip":true},"27":{"start":{"line":109,"column":12},"end":{"line":109,"column":55},"skip":true},"28":{"start":{"line":110,"column":12},"end":{"line":110,"column":48},"skip":true},"29":{"start":{"line":113,"column":8},"end":{"line":126,"column":10},"skip":true},"30":{"start":{"line":120,"column":12},"end":{"line":120,"column":76},"skip":true},"31":{"start":{"line":121,"column":12},"end":{"line":121,"column":73},"skip":true},"32":{"start":{"line":122,"column":12},"end":{"line":122,"column":74},"skip":true},"33":{"start":{"line":123,"column":12},"end":{"line":123,"column":79},"skip":true},"34":{"start":{"line":124,"column":12},"end":{"line":124,"column":25},"skip":true},"35":{"start":{"line":125,"column":12},"end":{"line":125,"column":45},"skip":true},"36":{"start":{"line":128,"column":8},"end":{"line":135,"column":14},"skip":true},"37":{"start":{"line":133,"column":16},"end":{"line":133,"column":29},"skip":true},"38":{"start":{"line":134,"column":16},"end":{"line":134,"column":55},"skip":true},"39":{"start":{"line":137,"column":8},"end":{"line":146,"column":10},"skip":true},"40":{"start":{"line":144,"column":12},"end":{"line":144,"column":25},"skip":true},"41":{"start":{"line":145,"column":12},"end":{"line":145,"column":45},"skip":true},"42":{"start":{"line":148,"column":8},"end":{"line":157,"column":10},"skip":true},"43":{"start":{"line":155,"column":12},"end":{"line":155,"column":25},"skip":true},"44":{"start":{"line":156,"column":12},"end":{"line":156,"column":48},"skip":true},"45":{"start":{"line":159,"column":8},"end":{"line":168,"column":10},"skip":true},"46":{"start":{"line":166,"column":12},"end":{"line":166,"column":25},"skip":true},"47":{"start":{"line":167,"column":12},"end":{"line":167,"column":46},"skip":true},"48":{"start":{"line":170,"column":8},"end":{"line":179,"column":10},"skip":true},"49":{"start":{"line":177,"column":12},"end":{"line":177,"column":94},"skip":true},"50":{"start":{"line":178,"column":12},"end":{"line":178,"column":48},"skip":true},"51":{"start":{"line":182,"column":8},"end":{"line":182,"column":35},"skip":true},"52":{"start":{"line":183,"column":8},"end":{"line":183,"column":14},"skip":true}},"branchMap":{"1":{"line":25,"type":"binary-expr","locations":[{"start":{"line":25,"column":23},"end":{"line":25,"column":62}},{"start":{"line":26,"column":20},"end":{"line":26,"column":70}},{"start":{"line":27,"column":20},"end":{"line":27,"column":71}},{"start":{"line":28,"column":20},"end":{"line":28,"column":29}}]},"2":{"line":30,"type":"binary-expr","locations":[{"start":{"line":30,"column":23},"end":{"line":30,"column":37}},{"start":{"line":31,"column":20},"end":{"line":31,"column":61}},{"start":{"line":32,"column":20},"end":{"line":32,"column":70}},{"start":{"line":33,"column":20},"end":{"line":33,"column":26}}]},"3":{"line":37,"type":"cond-expr","locations":[{"start":{"line":38,"column":14},"end":{"line":38,"column":20}},{"start":{"line":39,"column":14},"end":{"line":39,"column":20}}]},"4":{"line":40,"type":"switch","locations":[{"start":{"line":42,"column":8},"end":{"line":47,"column":18}},{"start":{"line":49,"column":8},"end":{"line":52,"column":18}}]},"5":{"line":44,"type":"binary-expr","locations":[{"start":{"line":44,"column":16},"end":{"line":44,"column":44}},{"start":{"line":44,"column":48},"end":{"line":44,"column":66}}]},"6":{"line":50,"type":"binary-expr","locations":[{"start":{"line":50,"column":21},"end":{"line":50,"column":49}},{"start":{"line":50,"column":53},"end":{"line":50,"column":72}}]},"7":{"line":64,"type":"switch","locations":[{"start":{"line":69,"column":4},"end":{"line":70,"column":14}},{"start":{"line":75,"column":4},"end":{"line":76,"column":14}}]},"8":{"line":85,"type":"switch","locations":[{"start":{"line":90,"column":4},"end":{"line":95,"column":14}},{"start":{"line":101,"column":4},"end":{"line":183,"column":14},"skip":true}]},"9":{"line":92,"type":"binary-expr","locations":[{"start":{"line":92,"column":18},"end":{"line":92,"column":32}},{"start":{"line":93,"column":12},"end":{"line":93,"column":53}},{"start":{"line":94,"column":12},"end":{"line":94,"column":61}}]},"10":{"line":102,"type":"binary-expr","locations":[{"start":{"line":102,"column":45},"end":{"line":102,"column":79},"skip":true},{"start":{"line":102,"column":83},"end":{"line":111,"column":9},"skip":true}]},"11":{"line":113,"type":"binary-expr","locations":[{"start":{"line":113,"column":42},"end":{"line":113,"column":73},"skip":true},{"start":{"line":113,"column":77},"end":{"line":126,"column":9},"skip":true}]},"12":{"line":128,"type":"binary-expr","locations":[{"start":{"line":128,"column":48},"end":{"line":128,"column":85},"skip":true},{"start":{"line":129,"column":12},"end":{"line":135,"column":13},"skip":true}]},"13":{"line":137,"type":"binary-expr","locations":[{"start":{"line":137,"column":42},"end":{"line":137,"column":73},"skip":true},{"start":{"line":137,"column":77},"end":{"line":146,"column":9},"skip":true}]},"14":{"line":148,"type":"binary-expr","locations":[{"start":{"line":148,"column":45},"end":{"line":148,"column":79},"skip":true},{"start":{"line":148,"column":83},"end":{"line":157,"column":9},"skip":true}]},"15":{"line":159,"type":"binary-expr","locations":[{"start":{"line":159,"column":43},"end":{"line":159,"column":75},"skip":true},{"start":{"line":159,"column":79},"end":{"line":168,"column":9},"skip":true}]},"16":{"line":170,"type":"binary-expr","locations":[{"start":{"line":170,"column":41},"end":{"line":170,"column":71},"skip":true},{"start":{"line":170,"column":75},"end":{"line":179,"column":9},"skip":true}]}},"code":["/* istanbul instrument in package npmtest_sass_lint */","/*jslint","    bitwise: true,","    browser: true,","    maxerr: 8,","    maxlen: 96,","    node: true,","    nomen: true,","    regexp: true,","    stupid: true","*/","(function () {","    'use strict';","    var local;","","","","    // run shared js-env code - pre-init","    (function () {","        // init local","        local = {};","        // init modeJs","        local.modeJs = (function () {","            try {","                return typeof navigator.userAgent === 'string' &&","                    typeof document.querySelector('body') === 'object' &&","                    typeof XMLHttpRequest.prototype.open === 'function' &&","                    'browser';","            } catch (errorCaughtBrowser) {","                return module.exports &&","                    typeof process.versions.node === 'string' &&","                    typeof require('http').createServer === 'function' &&","                    'node';","            }","        }());","        // init global","        local.global = local.modeJs === 'browser'","            ? window","            : global;","        switch (local.modeJs) {","        // re-init local from window.local","        case 'browser':","            local = local.global.utility2.objectSetDefault(","                local.global.utility2_rollup || local.global.local,","                local.global.utility2","            );","            break;","        // re-init local from example.js","        case 'node':","            local = (local.global.utility2_rollup || require('utility2'))","                .requireExampleJsFromReadme();","            break;","        }","        // export local","        local.global.local = local;","    }());","","","","    // run shared js-env code - function","    (function () {","        return;","    }());","    switch (local.modeJs) {","","","","    // run browser js-env code - function","    case 'browser':","        break;","","","","    // run node js-env code - function","    case 'node':","        break;","    }","","","","    // run shared js-env code - post-init","    (function () {","        return;","    }());","    switch (local.modeJs) {","","","","    // run browser js-env code - post-init","    case 'browser':","        // run tests","        local.nop(local.modeTest &&","            document.querySelector('#testRunButton1') &&","            document.querySelector('#testRunButton1').click());","        break;","","","","    // run node js-env code - post-init","    /* istanbul ignore next */","    case 'node':","        local.testCase_buildApidoc_default = local.testCase_buildApidoc_default || function (","            options,","            onError","        ) {","        /*","         * this function will test buildApidoc's default handling-behavior-behavior","         */","            options = { modulePathList: module.paths };","            local.buildApidoc(options, onError);","        };","","        local.testCase_buildApp_default = local.testCase_buildApp_default || function (","            options,","            onError","        ) {","        /*","         * this function will test buildApp's default handling-behavior-behavior","         */","            local.testCase_buildReadme_default(options, local.onErrorThrow);","            local.testCase_buildLib_default(options, local.onErrorThrow);","            local.testCase_buildTest_default(options, local.onErrorThrow);","            local.testCase_buildCustomOrg_default(options, local.onErrorThrow);","            options = [];","            local.buildApp(options, onError);","        };","","        local.testCase_buildCustomOrg_default = local.testCase_buildCustomOrg_default ||","            function (options, onError) {","            /*","             * this function will test buildCustomOrg's default handling-behavior","             */","                options = {};","                local.buildCustomOrg(options, onError);","            };","","        local.testCase_buildLib_default = local.testCase_buildLib_default || function (","            options,","            onError","        ) {","        /*","         * this function will test buildLib's default handling-behavior","         */","            options = {};","            local.buildLib(options, onError);","        };","","        local.testCase_buildReadme_default = local.testCase_buildReadme_default || function (","            options,","            onError","        ) {","        /*","         * this function will test buildReadme's default handling-behavior-behavior","         */","            options = {};","            local.buildReadme(options, onError);","        };","","        local.testCase_buildTest_default = local.testCase_buildTest_default || function (","            options,","            onError","        ) {","        /*","         * this function will test buildTest's default handling-behavior","         */","            options = {};","            local.buildTest(options, onError);","        };","","        local.testCase_webpage_default = local.testCase_webpage_default || function (","            options,","            onError","        ) {","        /*","         * this function will test webpage's default handling-behavior","         */","            options = { modeCoverageMerge: true, url: local.serverLocalHost + '?modeTest=1' };","            local.browserTest(options, onError);","        };","","        // run test-server","        local.testRunServer(local);","        break;","    }","}());",""],"l":{"12":2,"14":2,"19":2,"21":2,"23":2,"24":2,"25":2,"30":1,"37":2,"40":2,"43":1,"47":1,"50":1,"52":1,"55":2,"61":2,"62":2,"64":2,"70":1,"76":1,"82":2,"83":2,"85":2,"92":1,"95":1,"102":1,"109":1,"110":1,"113":1,"120":1,"121":1,"122":1,"123":1,"124":1,"125":1,"128":1,"133":2,"134":2,"137":1,"144":2,"145":2,"148":1,"155":2,"156":2,"159":1,"166":2,"167":2,"170":1,"177":1,"178":1,"182":1,"183":1}},"/home/travis/build/npmtest/node-npmtest-sass-lint/lib.npmtest_sass_lint.js":{"path":"/home/travis/build/npmtest/node-npmtest-sass-lint/lib.npmtest_sass_lint.js","s":{"1":2,"2":2,"3":2,"4":2,"5":2,"6":2,"7":2,"8":1,"9":2,"10":2,"11":2,"12":2,"13":1,"14":1,"15":1,"16":1},"b":{"1":[2,1,1,1],"2":[1,1,1,1],"3":[1,1],"4":[2,2],"5":[1,1]},"f":{"1":2,"2":2,"3":2},"fnMap":{"1":{"name":"(anonymous_1)","line":12,"loc":{"start":{"line":12,"column":1},"end":{"line":12,"column":13}}},"2":{"name":"(anonymous_2)","line":19,"loc":{"start":{"line":19,"column":5},"end":{"line":19,"column":17}}},"3":{"name":"(anonymous_3)","line":23,"loc":{"start":{"line":23,"column":24},"end":{"line":23,"column":36}}}},"statementMap":{"1":{"start":{"line":12,"column":0},"end":{"line":53,"column":5}},"2":{"start":{"line":14,"column":4},"end":{"line":14,"column":14}},"3":{"start":{"line":19,"column":4},"end":{"line":52,"column":9}},"4":{"start":{"line":21,"column":8},"end":{"line":21,"column":19}},"5":{"start":{"line":23,"column":8},"end":{"line":35,"column":13}},"6":{"start":{"line":24,"column":12},"end":{"line":34,"column":13}},"7":{"start":{"line":25,"column":16},"end":{"line":28,"column":30}},"8":{"start":{"line":30,"column":16},"end":{"line":33,"column":27}},"9":{"start":{"line":37,"column":8},"end":{"line":39,"column":21}},"10":{"start":{"line":41,"column":8},"end":{"line":41,"column":54}},"11":{"start":{"line":43,"column":8},"end":{"line":43,"column":54}},"12":{"start":{"line":45,"column":8},"end":{"line":51,"column":9}},"13":{"start":{"line":46,"column":12},"end":{"line":46,"column":60}},"14":{"start":{"line":48,"column":12},"end":{"line":48,"column":35}},"15":{"start":{"line":49,"column":12},"end":{"line":49,"column":49}},"16":{"start":{"line":50,"column":12},"end":{"line":50,"column":43}}},"branchMap":{"1":{"line":25,"type":"binary-expr","locations":[{"start":{"line":25,"column":23},"end":{"line":25,"column":62}},{"start":{"line":26,"column":20},"end":{"line":26,"column":70}},{"start":{"line":27,"column":20},"end":{"line":27,"column":71}},{"start":{"line":28,"column":20},"end":{"line":28,"column":29}}]},"2":{"line":30,"type":"binary-expr","locations":[{"start":{"line":30,"column":23},"end":{"line":30,"column":37}},{"start":{"line":31,"column":20},"end":{"line":31,"column":61}},{"start":{"line":32,"column":20},"end":{"line":32,"column":70}},{"start":{"line":33,"column":20},"end":{"line":33,"column":26}}]},"3":{"line":37,"type":"cond-expr","locations":[{"start":{"line":38,"column":14},"end":{"line":38,"column":20}},{"start":{"line":39,"column":14},"end":{"line":39,"column":20}}]},"4":{"line":41,"type":"binary-expr","locations":[{"start":{"line":41,"column":16},"end":{"line":41,"column":44}},{"start":{"line":41,"column":48},"end":{"line":41,"column":53}}]},"5":{"line":45,"type":"if","locations":[{"start":{"line":45,"column":8},"end":{"line":45,"column":8}},{"start":{"line":45,"column":8},"end":{"line":45,"column":8}}]}},"code":["/* istanbul instrument in package npmtest_sass_lint */","/*jslint","    bitwise: true,","    browser: true,","    maxerr: 8,","    maxlen: 96,","    node: true,","    nomen: true,","    regexp: true,","    stupid: true","*/","(function () {","    'use strict';","    var local;","","","","    // run shared js-env code - pre-init","    (function () {","        // init local","        local = {};","        // init modeJs","        local.modeJs = (function () {","            try {","                return typeof navigator.userAgent === 'string' &&","                    typeof document.querySelector('body') === 'object' &&","                    typeof XMLHttpRequest.prototype.open === 'function' &&","                    'browser';","            } catch (errorCaughtBrowser) {","                return module.exports &&","                    typeof process.versions.node === 'string' &&","                    typeof require('http').createServer === 'function' &&","                    'node';","            }","        }());","        // init global","        local.global = local.modeJs === 'browser'","            ? window","            : global;","        // init utility2_rollup","        local = local.global.utility2_rollup || local;","        // init lib","        local.local = local.npmtest_sass_lint = local;","        // init exports","        if (local.modeJs === 'browser') {","            local.global.utility2_npmtest_sass_lint = local;","        } else {","            module.exports = local;","            module.exports.__dirname = __dirname;","            module.exports.module = module;","        }","    }());","}());",""],"l":{"12":2,"14":2,"19":2,"21":2,"23":2,"24":2,"25":2,"30":1,"37":2,"41":2,"43":2,"45":2,"46":1,"48":1,"49":1,"50":1}},"/home/travis/build/npmtest/node-npmtest-sass-lint/example.js":{"path":"/home/travis/build/npmtest/node-npmtest-sass-lint/example.js","s":{"1":2,"2":2,"3":2,"4":2,"5":2,"6":2,"7":2,"8":1,"9":2,"10":2,"11":2,"12":2,"13":1,"14":2,"15":2,"16":2,"17":2,"18":2,"19":0,"20":2,"21":1,"22":1,"23":1,"24":1,"25":1,"26":0,"27":0,"28":1,"29":1,"30":2,"31":0,"32":0,"33":0,"34":1,"35":2,"36":2,"37":2,"38":2,"39":2,"40":2,"41":0,"42":2,"43":2,"44":2,"45":1,"46":3,"47":1,"48":1,"49":1,"50":1,"51":1,"52":1,"53":1,"54":1,"55":1,"56":1,"57":0,"58":1,"59":6,"60":6,"61":1,"62":2,"63":0,"64":2,"65":1,"66":1,"67":0,"68":0,"69":0,"70":0,"71":0,"72":0,"73":0,"74":0,"75":0,"76":0,"77":0,"78":0,"79":0,"80":0,"81":0,"82":0,"83":0},"b":{"1":[2,1,1,1],"2":[1,1,1,1],"3":[1,1],"4":[2,2],"5":[1,1],"6":[1,1],"7":[2,0],"8":[2,1,1,1,1,1],"9":[0,2,0],"10":[1,1],"11":[2,1,1],"12":[1,0],"13":[0,2],"14":[2,0,0,0,0,0,0],"15":[0,2],"16":[2,0],"17":[1,1],"18":[0,1],"19":[1,2,0,2],"20":[1,0],"21":[1,1],"22":[0,0],"23":[0,0],"24":[0,0],"25":[0,0],"26":[0,0],"27":[0,0],"28":[0,0]},"f":{"1":2,"2":2,"3":2,"4":2,"5":2,"6":2,"7":2,"8":2,"9":3,"10":1,"11":6,"12":0},"fnMap":{"1":{"name":"(anonymous_1)","line":26,"loc":{"start":{"line":26,"column":1},"end":{"line":26,"column":13}}},"2":{"name":"(anonymous_2)","line":33,"loc":{"start":{"line":33,"column":5},"end":{"line":33,"column":17}}},"3":{"name":"(anonymous_3)","line":37,"loc":{"start":{"line":37,"column":24},"end":{"line":37,"column":36}}},"4":{"name":"(anonymous_4)","line":69,"loc":{"start":{"line":69,"column":31},"end":{"line":69,"column":48}},"skip":true},"5":{"name":"(anonymous_5)","line":78,"loc":{"start":{"line":78,"column":26},"end":{"line":78,"column":45}},"skip":true},"6":{"name":"(anonymous_6)","line":123,"loc":{"start":{"line":123,"column":33},"end":{"line":123,"column":48}},"skip":true},"7":{"name":"(anonymous_7)","line":125,"loc":{"start":{"line":125,"column":27},"end":{"line":125,"column":39}},"skip":true},"8":{"name":"(anonymous_8)","line":133,"loc":{"start":{"line":133,"column":59},"end":{"line":133,"column":74}},"skip":true},"9":{"name":"(anonymous_9)","line":143,"loc":{"start":{"line":143,"column":45},"end":{"line":143,"column":62}},"skip":true},"10":{"name":"(anonymous_10)","line":144,"loc":{"start":{"line":144,"column":73},"end":{"line":144,"column":92}},"skip":true},"11":{"name":"(anonymous_11)","line":272,"loc":{"start":{"line":272,"column":51},"end":{"line":272,"column":77}},"skip":true},"12":{"name":"(anonymous_12)","line":314,"loc":{"start":{"line":314,"column":32},"end":{"line":314,"column":61}},"skip":true}},"statementMap":{"1":{"start":{"line":26,"column":0},"end":{"line":325,"column":5}},"2":{"start":{"line":28,"column":4},"end":{"line":28,"column":14}},"3":{"start":{"line":33,"column":4},"end":{"line":60,"column":9}},"4":{"start":{"line":35,"column":8},"end":{"line":35,"column":19}},"5":{"start":{"line":37,"column":8},"end":{"line":49,"column":13}},"6":{"start":{"line":38,"column":12},"end":{"line":48,"column":13}},"7":{"start":{"line":39,"column":16},"end":{"line":42,"column":30}},"8":{"start":{"line":44,"column":16},"end":{"line":47,"column":27}},"9":{"start":{"line":51,"column":8},"end":{"line":53,"column":21}},"10":{"start":{"line":55,"column":8},"end":{"line":57,"column":45}},"11":{"start":{"line":59,"column":8},"end":{"line":59,"column":35}},"12":{"start":{"line":61,"column":4},"end":{"line":324,"column":5}},"13":{"start":{"line":69,"column":8},"end":{"line":121,"column":10},"skip":true},"14":{"start":{"line":70,"column":12},"end":{"line":88,"column":13},"skip":true},"15":{"start":{"line":76,"column":16},"end":{"line":87,"column":19},"skip":true},"16":{"start":{"line":79,"column":20},"end":{"line":86,"column":21},"skip":true},"17":{"start":{"line":82,"column":24},"end":{"line":82,"column":43},"skip":true},"18":{"start":{"line":83,"column":24},"end":{"line":83,"column":30},"skip":true},"19":{"start":{"line":85,"column":24},"end":{"line":85,"column":49},"skip":true},"20":{"start":{"line":89,"column":12},"end":{"line":107,"column":13},"skip":true},"21":{"start":{"line":92,"column":16},"end":{"line":102,"column":17},"skip":true},"22":{"start":{"line":93,"column":20},"end":{"line":93,"column":86},"skip":true},"23":{"start":{"line":94,"column":20},"end":{"line":95,"column":45},"skip":true},"24":{"start":{"line":96,"column":20},"end":{"line":96,"column":42},"skip":true},"25":{"start":{"line":97,"column":20},"end":{"line":97,"column":48},"skip":true},"26":{"start":{"line":100,"column":20},"end":{"line":100,"column":85},"skip":true},"27":{"start":{"line":101,"column":20},"end":{"line":101,"column":96},"skip":true},"28":{"start":{"line":103,"column":16},"end":{"line":103,"column":22},"skip":true},"29":{"start":{"line":106,"column":16},"end":{"line":106,"column":22},"skip":true},"30":{"start":{"line":108,"column":12},"end":{"line":120,"column":13},"skip":true},"31":{"start":{"line":114,"column":16},"end":{"line":119,"column":17},"skip":true},"32":{"start":{"line":116,"column":20},"end":{"line":116,"column":78},"skip":true},"33":{"start":{"line":118,"column":20},"end":{"line":118,"column":47},"skip":true},"34":{"start":{"line":123,"column":8},"end":{"line":141,"column":11},"skip":true},"35":{"start":{"line":124,"column":12},"end":{"line":124,"column":54},"skip":true},"36":{"start":{"line":125,"column":12},"end":{"line":140,"column":14},"skip":true},"37":{"start":{"line":126,"column":16},"end":{"line":126,"column":28},"skip":true},"38":{"start":{"line":127,"column":16},"end":{"line":127,"column":69},"skip":true},"39":{"start":{"line":128,"column":16},"end":{"line":128,"column":75},"skip":true},"40":{"start":{"line":129,"column":16},"end":{"line":131,"column":17},"skip":true},"41":{"start":{"line":130,"column":20},"end":{"line":130,"column":27},"skip":true},"42":{"start":{"line":133,"column":16},"end":{"line":137,"column":36},"skip":true},"43":{"start":{"line":134,"column":20},"end":{"line":136,"column":55},"skip":true},"44":{"start":{"line":139,"column":16},"end":{"line":139,"column":57},"skip":true},"45":{"start":{"line":143,"column":8},"end":{"line":147,"column":11},"skip":true},"46":{"start":{"line":144,"column":12},"end":{"line":146,"column":15},"skip":true},"47":{"start":{"line":145,"column":16},"end":{"line":145,"column":70},"skip":true},"48":{"start":{"line":149,"column":8},"end":{"line":149,"column":31},"skip":true},"49":{"start":{"line":150,"column":8},"end":{"line":150,"column":14},"skip":true},"50":{"start":{"line":158,"column":8},"end":{"line":158,"column":31},"skip":true},"51":{"start":{"line":160,"column":8},"end":{"line":160,"column":33},"skip":true},"52":{"start":{"line":161,"column":8},"end":{"line":161,"column":37},"skip":true},"53":{"start":{"line":162,"column":8},"end":{"line":162,"column":35},"skip":true},"54":{"start":{"line":164,"column":8},"end":{"line":164,"column":50},"skip":true},"55":{"start":{"line":166,"column":8},"end":{"line":256,"column":2},"skip":true},"56":{"start":{"line":258,"column":8},"end":{"line":286,"column":9},"skip":true},"57":{"start":{"line":259,"column":12},"end":{"line":269,"column":14},"skip":true},"58":{"start":{"line":271,"column":12},"end":{"line":285,"column":19},"skip":true},"59":{"start":{"line":274,"column":20},"end":{"line":274,"column":35},"skip":true},"60":{"start":{"line":275,"column":20},"end":{"line":284,"column":21},"skip":true},"61":{"start":{"line":277,"column":24},"end":{"line":277,"column":64},"skip":true},"62":{"start":{"line":279,"column":24},"end":{"line":279,"column":40},"skip":true},"63":{"start":{"line":281,"column":24},"end":{"line":281,"column":40},"skip":true},"64":{"start":{"line":283,"column":24},"end":{"line":283,"column":39},"skip":true},"65":{"start":{"line":288,"column":8},"end":{"line":290,"column":9},"skip":true},"66":{"start":{"line":289,"column":12},"end":{"line":289,"column":18},"skip":true},"67":{"start":{"line":291,"column":8},"end":{"line":293,"column":54},"skip":true},"68":{"start":{"line":294,"column":8},"end":{"line":301,"column":37},"skip":true},"69":{"start":{"line":302,"column":8},"end":{"line":302,"column":82},"skip":true},"70":{"start":{"line":305,"column":8},"end":{"line":307,"column":9},"skip":true},"71":{"start":{"line":306,"column":12},"end":{"line":306,"column":82},"skip":true},"72":{"start":{"line":309,"column":8},"end":{"line":311,"column":9},"skip":true},"73":{"start":{"line":310,"column":12},"end":{"line":310,"column":18},"skip":true},"74":{"start":{"line":312,"column":8},"end":{"line":312,"column":54},"skip":true},"75":{"start":{"line":313,"column":8},"end":{"line":313,"column":69},"skip":true},"76":{"start":{"line":314,"column":8},"end":{"line":322,"column":36},"skip":true},"77":{"start":{"line":315,"column":12},"end":{"line":315,"column":61},"skip":true},"78":{"start":{"line":316,"column":12},"end":{"line":319,"column":13},"skip":true},"79":{"start":{"line":317,"column":16},"end":{"line":317,"column":75},"skip":true},"80":{"start":{"line":318,"column":16},"end":{"line":318,"column":23},"skip":true},"81":{"start":{"line":320,"column":12},"end":{"line":320,"column":38},"skip":true},"82":{"start":{"line":321,"column":12},"end":{"line":321,"column":27},"skip":true},"83":{"start":{"line":323,"column":8},"end":{"line":323,"column":14},"skip":true}},"branchMap":{"1":{"line":39,"type":"binary-expr","locations":[{"start":{"line":39,"column":23},"end":{"line":39,"column":62}},{"start":{"line":40,"column":20},"end":{"line":40,"column":70}},{"start":{"line":41,"column":20},"end":{"line":41,"column":71}},{"start":{"line":42,"column":20},"end":{"line":42,"column":29}}]},"2":{"line":44,"type":"binary-expr","locations":[{"start":{"line":44,"column":23},"end":{"line":44,"column":37}},{"start":{"line":45,"column":20},"end":{"line":45,"column":61}},{"start":{"line":46,"column":20},"end":{"line":46,"column":70}},{"start":{"line":47,"column":20},"end":{"line":47,"column":26}}]},"3":{"line":51,"type":"cond-expr","locations":[{"start":{"line":52,"column":14},"end":{"line":52,"column":20}},{"start":{"line":53,"column":14},"end":{"line":53,"column":20}}]},"4":{"line":55,"type":"binary-expr","locations":[{"start":{"line":55,"column":16},"end":{"line":55,"column":44}},{"start":{"line":55,"column":49},"end":{"line":57,"column":43}}]},"5":{"line":55,"type":"cond-expr","locations":[{"start":{"line":56,"column":14},"end":{"line":56,"column":53}},{"start":{"line":57,"column":14},"end":{"line":57,"column":43}}]},"6":{"line":61,"type":"switch","locations":[{"start":{"line":68,"column":4},"end":{"line":150,"column":14},"skip":true},{"start":{"line":156,"column":4},"end":{"line":323,"column":14},"skip":true}]},"7":{"line":70,"type":"if","locations":[{"start":{"line":70,"column":12},"end":{"line":70,"column":12},"skip":true},{"start":{"line":70,"column":12},"end":{"line":70,"column":12},"skip":true}]},"8":{"line":70,"type":"binary-expr","locations":[{"start":{"line":70,"column":16},"end":{"line":70,"column":22},"skip":true},{"start":{"line":70,"column":27},"end":{"line":70,"column":32},"skip":true},{"start":{"line":71,"column":20},"end":{"line":71,"column":39},"skip":true},{"start":{"line":72,"column":20},"end":{"line":72,"column":49},"skip":true},{"start":{"line":73,"column":20},"end":{"line":73,"column":58},"skip":true},{"start":{"line":74,"column":20},"end":{"line":74,"column":69},"skip":true}]},"9":{"line":79,"type":"switch","locations":[{"start":{"line":80,"column":20},"end":{"line":80,"column":33},"skip":true},{"start":{"line":81,"column":20},"end":{"line":83,"column":30},"skip":true},{"start":{"line":84,"column":20},"end":{"line":85,"column":49},"skip":true}]},"10":{"line":89,"type":"switch","locations":[{"start":{"line":90,"column":12},"end":{"line":103,"column":22},"skip":true},{"start":{"line":105,"column":12},"end":{"line":106,"column":22},"skip":true}]},"11":{"line":89,"type":"binary-expr","locations":[{"start":{"line":89,"column":20},"end":{"line":89,"column":25},"skip":true},{"start":{"line":89,"column":29},"end":{"line":89,"column":48},"skip":true},{"start":{"line":89,"column":52},"end":{"line":89,"column":74},"skip":true}]},"12":{"line":92,"type":"if","locations":[{"start":{"line":92,"column":16},"end":{"line":92,"column":16},"skip":true},{"start":{"line":92,"column":16},"end":{"line":92,"column":16},"skip":true}]},"13":{"line":108,"type":"if","locations":[{"start":{"line":108,"column":12},"end":{"line":108,"column":12},"skip":true},{"start":{"line":108,"column":12},"end":{"line":108,"column":12},"skip":true}]},"14":{"line":108,"type":"binary-expr","locations":[{"start":{"line":108,"column":16},"end":{"line":108,"column":61},"skip":true},{"start":{"line":108,"column":66},"end":{"line":108,"column":72},"skip":true},{"start":{"line":108,"column":77},"end":{"line":108,"column":82},"skip":true},{"start":{"line":109,"column":20},"end":{"line":109,"column":39},"skip":true},{"start":{"line":110,"column":20},"end":{"line":110,"column":49},"skip":true},{"start":{"line":111,"column":20},"end":{"line":111,"column":58},"skip":true},{"start":{"line":112,"column":20},"end":{"line":112,"column":68},"skip":true}]},"15":{"line":129,"type":"if","locations":[{"start":{"line":129,"column":16},"end":{"line":129,"column":16},"skip":true},{"start":{"line":129,"column":16},"end":{"line":129,"column":16},"skip":true}]},"16":{"line":134,"type":"cond-expr","locations":[{"start":{"line":135,"column":26},"end":{"line":135,"column":29},"skip":true},{"start":{"line":136,"column":26},"end":{"line":136,"column":54},"skip":true}]},"17":{"line":164,"type":"binary-expr","locations":[{"start":{"line":164,"column":27},"end":{"line":164,"column":43},"skip":true},{"start":{"line":164,"column":47},"end":{"line":164,"column":49},"skip":true}]},"18":{"line":258,"type":"if","locations":[{"start":{"line":258,"column":8},"end":{"line":258,"column":8},"skip":true},{"start":{"line":258,"column":8},"end":{"line":258,"column":8},"skip":true}]},"19":{"line":275,"type":"switch","locations":[{"start":{"line":276,"column":20},"end":{"line":277,"column":64},"skip":true},{"start":{"line":278,"column":20},"end":{"line":279,"column":40},"skip":true},{"start":{"line":280,"column":20},"end":{"line":281,"column":40},"skip":true},{"start":{"line":282,"column":20},"end":{"line":283,"column":39},"skip":true}]},"20":{"line":288,"type":"if","locations":[{"start":{"line":288,"column":8},"end":{"line":288,"column":8},"skip":true},{"start":{"line":288,"column":8},"end":{"line":288,"column":8},"skip":true}]},"21":{"line":288,"type":"binary-expr","locations":[{"start":{"line":288,"column":12},"end":{"line":288,"column":40},"skip":true},{"start":{"line":288,"column":44},"end":{"line":288,"column":67},"skip":true}]},"22":{"line":292,"type":"binary-expr","locations":[{"start":{"line":292,"column":12},"end":{"line":292,"column":50},"skip":true},{"start":{"line":293,"column":12},"end":{"line":293,"column":53},"skip":true}]},"23":{"line":295,"type":"binary-expr","locations":[{"start":{"line":295,"column":12},"end":{"line":295,"column":67},"skip":true},{"start":{"line":296,"column":12},"end":{"line":301,"column":36},"skip":true}]},"24":{"line":302,"type":"binary-expr","locations":[{"start":{"line":302,"column":43},"end":{"line":302,"column":75},"skip":true},{"start":{"line":302,"column":79},"end":{"line":302,"column":81},"skip":true}]},"25":{"line":305,"type":"if","locations":[{"start":{"line":305,"column":8},"end":{"line":305,"column":8},"skip":true},{"start":{"line":305,"column":8},"end":{"line":305,"column":8},"skip":true}]},"26":{"line":309,"type":"if","locations":[{"start":{"line":309,"column":8},"end":{"line":309,"column":8},"skip":true},{"start":{"line":309,"column":8},"end":{"line":309,"column":8},"skip":true}]},"27":{"line":312,"type":"binary-expr","locations":[{"start":{"line":312,"column":27},"end":{"line":312,"column":43},"skip":true},{"start":{"line":312,"column":47},"end":{"line":312,"column":53},"skip":true}]},"28":{"line":316,"type":"if","locations":[{"start":{"line":316,"column":12},"end":{"line":316,"column":12},"skip":true},{"start":{"line":316,"column":12},"end":{"line":316,"column":12},"skip":true}]}},"code":["/*","example.js","","quickstart example","","instruction","    1. save this script as example.js","    2. run the shell command:","        $ npm install npmtest-sass-lint && PORT=8081 node example.js","    3. play with the browser-demo on http://127.0.0.1:8081","*/","","","","/* istanbul instrument in package npmtest_sass_lint */","/*jslint","    bitwise: true,","    browser: true,","    maxerr: 8,","    maxlen: 96,","    node: true,","    nomen: true,","    regexp: true,","    stupid: true","*/","(function () {","    'use strict';","    var local;","","","","    // run shared js-env code - pre-init","    (function () {","        // init local","        local = {};","        // init modeJs","        local.modeJs = (function () {","            try {","                return typeof navigator.userAgent === 'string' &&","                    typeof document.querySelector('body') === 'object' &&","                    typeof XMLHttpRequest.prototype.open === 'function' &&","                    'browser';","            } catch (errorCaughtBrowser) {","                return module.exports &&","                    typeof process.versions.node === 'string' &&","                    typeof require('http').createServer === 'function' &&","                    'node';","            }","        }());","        // init global","        local.global = local.modeJs === 'browser'","            ? window","            : global;","        // init utility2_rollup","        local = local.global.utility2_rollup || (local.modeJs === 'browser'","            ? local.global.utility2_npmtest_sass_lint","            : global.utility2_moduleExports);","        // export local","        local.global.local = local;","    }());","    switch (local.modeJs) {","","","","    // post-init","    // run browser js-env code - post-init","    /* istanbul ignore next */","    case 'browser':","        local.testRunBrowser = function (event) {","            if (!event || (event &&","                    event.currentTarget &&","                    event.currentTarget.className &&","                    event.currentTarget.className.includes &&","                    event.currentTarget.className.includes('onreset'))) {","                // reset output","                Array.from(","                    document.querySelectorAll('body > .resettable')","                ).forEach(function (element) {","                    switch (element.tagName) {","                    case 'INPUT':","                    case 'TEXTAREA':","                        element.value = '';","                        break;","                    default:","                        element.textContent = '';","                    }","                });","            }","            switch (event && event.currentTarget && event.currentTarget.id) {","            case 'testRunButton1':","                // show tests","                if (document.querySelector('#testReportDiv1').style.display === 'none') {","                    document.querySelector('#testReportDiv1').style.display = 'block';","                    document.querySelector('#testRunButton1').textContent =","                        'hide internal test';","                    local.modeTest = true;","                    local.testRunDefault(local);","                // hide tests","                } else {","                    document.querySelector('#testReportDiv1').style.display = 'none';","                    document.querySelector('#testRunButton1').textContent = 'run internal test';","                }","                break;","            // custom-case","            default:","                break;","            }","            if (document.querySelector('#inputTextareaEval1') && (!event || (event &&","                    event.currentTarget &&","                    event.currentTarget.className &&","                    event.currentTarget.className.includes &&","                    event.currentTarget.className.includes('oneval')))) {","                // try to eval input-code","                try {","                    /*jslint evil: true*/","                    eval(document.querySelector('#inputTextareaEval1').value);","                } catch (errorCaught) {","                    console.error(errorCaught);","                }","            }","        };","        // log stderr and stdout to #outputTextareaStdout1","        ['error', 'log'].forEach(function (key) {","            console[key + '_original'] = console[key];","            console[key] = function () {","                var element;","                console[key + '_original'].apply(console, arguments);","                element = document.querySelector('#outputTextareaStdout1');","                if (!element) {","                    return;","                }","                // append text to #outputTextareaStdout1","                element.value += Array.from(arguments).map(function (arg) {","                    return typeof arg === 'string'","                        ? arg","                        : JSON.stringify(arg, null, 4);","                }).join(' ') + '\\n';","                // scroll textarea to bottom","                element.scrollTop = element.scrollHeight;","            };","        });","        // init event-handling","        ['change', 'click', 'keyup'].forEach(function (event) {","            Array.from(document.querySelectorAll('.on' + event)).forEach(function (element) {","                element.addEventListener(event, local.testRunBrowser);","            });","        });","        // run tests","        local.testRunBrowser();","        break;","","","","    // run node js-env code - post-init","    /* istanbul ignore next */","    case 'node':","        // export local","        module.exports = local;","        // require modules","        local.fs = require('fs');","        local.http = require('http');","        local.url = require('url');","        // init assets","        local.assetsDict = local.assetsDict || {};","        /* jslint-ignore-begin */","        local.assetsDict['/assets.index.template.html'] = '\\","<!doctype html>\\n\\","<html lang=\"en\">\\n\\","<head>\\n\\","<meta charset=\"UTF-8\">\\n\\","<meta name=\"viewport\" content=\"width=device-width, initial-scale=1\">\\n\\","<title>{{env.npm_package_name}} (v{{env.npm_package_version}})</title>\\n\\","<style>\\n\\","/*csslint\\n\\","    box-sizing: false,\\n\\","    universal-selector: false\\n\\","*/\\n\\","* {\\n\\","    box-sizing: border-box;\\n\\","}\\n\\","body {\\n\\","    background: #dde;\\n\\","    font-family: Arial, Helvetica, sans-serif;\\n\\","    margin: 2rem;\\n\\","}\\n\\","body > * {\\n\\","    margin-bottom: 1rem;\\n\\","}\\n\\",".utility2FooterDiv {\\n\\","    margin-top: 20px;\\n\\","    text-align: center;\\n\\","}\\n\\","</style>\\n\\","<style>\\n\\","/*csslint\\n\\","*/\\n\\","textarea {\\n\\","    font-family: monospace;\\n\\","    height: 10rem;\\n\\","    width: 100%;\\n\\","}\\n\\","textarea[readonly] {\\n\\","    background: #ddd;\\n\\","}\\n\\","</style>\\n\\","</head>\\n\\","<body>\\n\\","<!-- utility2-comment\\n\\","<div id=\"ajaxProgressDiv1\" style=\"background: #d00; height: 2px; left: 0; margin: 0; padding: 0; position: fixed; top: 0; transition: background 0.5s, width 1.5s; width: 25%;\"></div>\\n\\","utility2-comment -->\\n\\","<h1>\\n\\","<!-- utility2-comment\\n\\","    <a\\n\\","        {{#if env.npm_package_homepage}}\\n\\","        href=\"{{env.npm_package_homepage}}\"\\n\\","        {{/if env.npm_package_homepage}}\\n\\","        target=\"_blank\"\\n\\","    >\\n\\","utility2-comment -->\\n\\","        {{env.npm_package_name}} (v{{env.npm_package_version}})\\n\\","<!-- utility2-comment\\n\\","    </a>\\n\\","utility2-comment -->\\n\\","</h1>\\n\\","<h3>{{env.npm_package_description}}</h3>\\n\\","<!-- utility2-comment\\n\\","<h4><a download href=\"assets.app.js\">download standalone app</a></h4>\\n\\","<button class=\"onclick onreset\" id=\"testRunButton1\">run internal test</button><br>\\n\\","<div id=\"testReportDiv1\" style=\"display: none;\"></div>\\n\\","utility2-comment -->\\n\\","\\n\\","\\n\\","\\n\\","<label>stderr and stdout</label>\\n\\","<textarea class=\"resettable\" id=\"outputTextareaStdout1\" readonly></textarea>\\n\\","<!-- utility2-comment\\n\\","{{#if isRollup}}\\n\\","<script src=\"assets.app.js\"></script>\\n\\","{{#unless isRollup}}\\n\\","utility2-comment -->\\n\\","<script src=\"assets.utility2.rollup.js\"></script>\\n\\","<script src=\"jsonp.utility2._stateInit?callback=window.utility2._stateInit\"></script>\\n\\","<script src=\"assets.npmtest_sass_lint.rollup.js\"></script>\\n\\","<script src=\"assets.example.js\"></script>\\n\\","<script src=\"assets.test.js\"></script>\\n\\","<!-- utility2-comment\\n\\","{{/if isRollup}}\\n\\","utility2-comment -->\\n\\","<div class=\"utility2FooterDiv\">\\n\\","    [ this app was created with\\n\\","    <a href=\"https://github.com/kaizhu256/node-utility2\" target=\"_blank\">utility2</a>\\n\\","    ]\\n\\","</div>\\n\\","</body>\\n\\","</html>\\n\\","';","        /* jslint-ignore-end */","        if (local.templateRender) {","            local.assetsDict['/'] = local.templateRender(","                local.assetsDict['/assets.index.template.html'],","                {","                    env: local.objectSetDefault(local.env, {","                        npm_package_description: 'the greatest app in the world!',","                        npm_package_name: 'my-app',","                        npm_package_nameAlias: 'my_app',","                        npm_package_version: '0.0.1'","                    })","                }","            );","        } else {","            local.assetsDict['/'] = local.assetsDict['/assets.index.template.html']","                .replace((/\\{\\{env\\.(\\w+?)\\}\\}/g), function (match0, match1) {","                    // jslint-hack","                    String(match0);","                    switch (match1) {","                    case 'npm_package_description':","                        return 'the greatest app in the world!';","                    case 'npm_package_name':","                        return 'my-app';","                    case 'npm_package_nameAlias':","                        return 'my_app';","                    case 'npm_package_version':","                        return '0.0.1';","                    }","                });","        }","        // run the cli","        if (local.global.utility2_rollup || module !== require.main) {","            break;","        }","        local.assetsDict['/assets.example.js'] =","            local.assetsDict['/assets.example.js'] ||","            local.fs.readFileSync(__filename, 'utf8');","        local.assetsDict['/assets.npmtest_sass_lint.rollup.js'] =","            local.assetsDict['/assets.npmtest_sass_lint.rollup.js'] ||","            local.fs.readFileSync(","                // buildCustomOrg-hack","                local.npmtest_sass_lint.__dirname +","                    '/lib.npmtest_sass_lint.js',","                'utf8'","            ).replace((/^#!/), '//');","        local.assetsDict['/favicon.ico'] = local.assetsDict['/favicon.ico'] || '';","        // if $npm_config_timeout_exit exists,","        // then exit this process after $npm_config_timeout_exit ms","        if (Number(process.env.npm_config_timeout_exit)) {","            setTimeout(process.exit, Number(process.env.npm_config_timeout_exit));","        }","        // start server","        if (local.global.utility2_serverHttp1) {","            break;","        }","        process.env.PORT = process.env.PORT || '8081';","        console.error('server starting on port ' + process.env.PORT);","        local.http.createServer(function (request, response) {","            request.urlParsed = local.url.parse(request.url);","            if (local.assetsDict[request.urlParsed.pathname] !== undefined) {","                response.end(local.assetsDict[request.urlParsed.pathname]);","                return;","            }","            response.statusCode = 404;","            response.end();","        }).listen(process.env.PORT);","        break;","    }","}());",""],"l":{"26":2,"28":2,"33":2,"35":2,"37":2,"38":2,"39":2,"44":1,"51":2,"55":2,"59":2,"61":2,"69":1,"70":2,"76":2,"79":2,"82":2,"83":2,"85":1,"89":2,"92":1,"93":1,"94":1,"96":1,"97":1,"100":1,"101":1,"103":1,"106":1,"108":2,"114":1,"116":1,"118":1,"123":1,"124":2,"125":2,"126":2,"127":2,"128":2,"129":2,"130":1,"133":2,"134":2,"139":2,"143":1,"144":3,"145":1,"149":1,"150":1,"158":1,"160":1,"161":1,"162":1,"164":1,"166":1,"258":1,"259":1,"271":1,"274":6,"275":6,"277":1,"279":2,"281":1,"283":2,"288":1,"289":1,"291":1,"294":1,"302":1,"305":1,"306":1,"309":1,"310":1,"312":1,"313":1,"314":1,"315":1,"316":1,"317":1,"318":1,"320":1,"321":1,"323":1}},"/home/travis/build/npmtest/node-npmtest-sass-lint/node_modules/sass-lint/index.js":{"path":"/home/travis/build/npmtest/node-npmtest-sass-lint/node_modules/sass-lint/index.js","s":{"1":1,"2":1,"3":1,"4":0,"5":0,"6":1,"7":0,"8":1,"9":0,"10":0,"11":0,"12":0,"13":0,"14":0,"15":1,"16":0,"17":0,"18":0,"19":0,"20":0,"21":0,"22":1,"23":0,"24":0,"25":1,"26":0,"27":0,"28":0,"29":0,"30":0,"31":0,"32":0,"33":0,"34":0,"35":0,"36":0,"37":0,"38":0,"39":0,"40":0,"41":0,"42":0,"43":0,"44":0,"45":1,"46":0,"47":0,"48":0,"49":0,"50":1,"51":0,"52":0,"53":0,"54":0,"55":0,"56":0,"57":0,"58":0,"59":0,"60":0,"61":0,"62":0,"63":0,"64":0,"65":0,"66":0,"67":0,"68":0,"69":0,"70":1,"71":0,"72":0,"73":0,"74":1,"75":0,"76":0,"77":0,"78":0,"79":0,"80":0,"81":0,"82":0,"83":0,"84":0,"85":1,"86":0,"87":0,"88":0,"89":0,"90":0,"91":0,"92":0,"93":1},"b":{"1":[0,0],"2":[0,0],"3":[0,0],"4":[0,0],"5":[0,0],"6":[0,0],"7":[0,0],"8":[0,0],"9":[0,0],"10":[0,0],"11":[0,0],"12":[0,0],"13":[0,0],"14":[0,0],"15":[0,0],"16":[0,0],"17":[0,0],"18":[0,0],"19":[0,0],"20":[0,0],"21":[0,0],"22":[0,0],"23":[0,0],"24":[0,0],"25":[0,0]},"f":{"1":0,"2":0,"3":0,"4":0,"5":0,"6":0,"7":0,"8":0,"9":0,"10":0,"11":0,"12":0,"13":0,"14":0,"15":0,"16":0,"17":0},"fnMap":{"1":{"name":"(anonymous_1)","line":17,"loc":{"start":{"line":17,"column":15},"end":{"line":17,"column":33}}},"2":{"name":"(anonymous_2)","line":30,"loc":{"start":{"line":30,"column":21},"end":{"line":30,"column":51}}},"3":{"name":"(anonymous_3)","line":41,"loc":{"start":{"line":41,"column":22},"end":{"line":41,"column":41}}},"4":{"name":"(anonymous_4)","line":47,"loc":{"start":{"line":47,"column":18},"end":{"line":47,"column":36}}},"5":{"name":"(anonymous_5)","line":64,"loc":{"start":{"line":64,"column":24},"end":{"line":64,"column":43}}},"6":{"name":"(anonymous_6)","line":70,"loc":{"start":{"line":70,"column":18},"end":{"line":70,"column":36}}},"7":{"name":"(anonymous_7)","line":87,"loc":{"start":{"line":87,"column":23},"end":{"line":87,"column":42}}},"8":{"name":"(anonymous_8)","line":103,"loc":{"start":{"line":103,"column":20},"end":{"line":103,"column":57}}},"9":{"name":"(anonymous_9)","line":133,"loc":{"start":{"line":133,"column":18},"end":{"line":133,"column":34}}},"10":{"name":"(anonymous_10)","line":167,"loc":{"start":{"line":167,"column":24},"end":{"line":167,"column":61}}},"11":{"name":"(anonymous_11)","line":193,"loc":{"start":{"line":193,"column":21},"end":{"line":193,"column":59}}},"12":{"name":"(anonymous_12)","line":203,"loc":{"start":{"line":203,"column":32},"end":{"line":203,"column":51}}},"13":{"name":"(anonymous_13)","line":220,"loc":{"start":{"line":220,"column":28},"end":{"line":220,"column":47}}},"14":{"name":"(anonymous_14)","line":230,"loc":{"start":{"line":230,"column":19},"end":{"line":230,"column":42}}},"15":{"name":"(anonymous_15)","line":253,"loc":{"start":{"line":253,"column":18},"end":{"line":253,"column":58}}},"16":{"name":"(anonymous_16)","line":271,"loc":{"start":{"line":271,"column":25},"end":{"line":271,"column":65}}},"17":{"name":"(anonymous_17)","line":303,"loc":{"start":{"line":303,"column":23},"end":{"line":303,"column":63}}}},"statementMap":{"1":{"start":{"line":3,"column":0},"end":{"line":12,"column":33}},"2":{"start":{"line":14,"column":0},"end":{"line":15,"column":50}},"3":{"start":{"line":17,"column":0},"end":{"line":20,"column":2}},"4":{"start":{"line":18,"column":2},"end":{"line":18,"column":43}},"5":{"start":{"line":19,"column":2},"end":{"line":19,"column":9}},"6":{"start":{"line":30,"column":0},"end":{"line":32,"column":2}},"7":{"start":{"line":31,"column":2},"end":{"line":31,"column":38}},"8":{"start":{"line":41,"column":0},"end":{"line":55,"column":2}},"9":{"start":{"line":42,"column":2},"end":{"line":45,"column":4}},"10":{"start":{"line":47,"column":2},"end":{"line":52,"column":5}},"11":{"start":{"line":48,"column":4},"end":{"line":51,"column":5}},"12":{"start":{"line":49,"column":6},"end":{"line":49,"column":40}},"13":{"start":{"line":50,"column":6},"end":{"line":50,"column":41}},"14":{"start":{"line":54,"column":2},"end":{"line":54,"column":16}},"15":{"start":{"line":64,"column":0},"end":{"line":78,"column":2}},"16":{"start":{"line":65,"column":2},"end":{"line":68,"column":4}},"17":{"start":{"line":70,"column":2},"end":{"line":75,"column":5}},"18":{"start":{"line":71,"column":4},"end":{"line":74,"column":5}},"19":{"start":{"line":72,"column":6},"end":{"line":72,"column":44}},"20":{"start":{"line":73,"column":6},"end":{"line":73,"column":43}},"21":{"start":{"line":77,"column":2},"end":{"line":77,"column":18}},"22":{"start":{"line":87,"column":0},"end":{"line":92,"column":2}},"23":{"start":{"line":88,"column":2},"end":{"line":89,"column":40}},"24":{"start":{"line":91,"column":2},"end":{"line":91,"column":39}},"25":{"start":{"line":103,"column":0},"end":{"line":156,"column":2}},"26":{"start":{"line":104,"column":2},"end":{"line":111,"column":29}},"27":{"start":{"line":113,"column":2},"end":{"line":127,"column":3}},"28":{"start":{"line":114,"column":4},"end":{"line":114,"column":55}},"29":{"start":{"line":117,"column":4},"end":{"line":117,"column":27}},"30":{"start":{"line":118,"column":4},"end":{"line":118,"column":13}},"31":{"start":{"line":120,"column":4},"end":{"line":126,"column":7}},"32":{"start":{"line":129,"column":2},"end":{"line":146,"column":3}},"33":{"start":{"line":130,"column":4},"end":{"line":130,"column":39}},"34":{"start":{"line":131,"column":4},"end":{"line":131,"column":51}},"35":{"start":{"line":133,"column":4},"end":{"line":145,"column":7}},"36":{"start":{"line":134,"column":6},"end":{"line":135,"column":33}},"37":{"start":{"line":136,"column":6},"end":{"line":136,"column":40}},"38":{"start":{"line":137,"column":6},"end":{"line":144,"column":7}},"39":{"start":{"line":138,"column":8},"end":{"line":143,"column":9}},"40":{"start":{"line":139,"column":10},"end":{"line":139,"column":37}},"41":{"start":{"line":141,"column":13},"end":{"line":143,"column":9}},"42":{"start":{"line":142,"column":10},"end":{"line":142,"column":35}},"43":{"start":{"line":148,"column":2},"end":{"line":148,"column":36}},"44":{"start":{"line":150,"column":2},"end":{"line":155,"column":4}},"45":{"start":{"line":167,"column":0},"end":{"line":181,"column":2}},"46":{"start":{"line":168,"column":2},"end":{"line":169,"column":56}},"47":{"start":{"line":171,"column":2},"end":{"line":173,"column":3}},"48":{"start":{"line":172,"column":4},"end":{"line":172,"column":52}},"49":{"start":{"line":175,"column":2},"end":{"line":180,"column":4}},"50":{"start":{"line":193,"column":0},"end":{"line":243,"column":2}},"51":{"start":{"line":194,"column":2},"end":{"line":197,"column":19}},"52":{"start":{"line":200,"column":2},"end":{"line":228,"column":3}},"53":{"start":{"line":201,"column":4},"end":{"line":201,"column":69}},"54":{"start":{"line":202,"column":4},"end":{"line":209,"column":5}},"55":{"start":{"line":203,"column":6},"end":{"line":205,"column":9}},"56":{"start":{"line":204,"column":8},"end":{"line":204,"column":87}},"57":{"start":{"line":208,"column":6},"end":{"line":208,"column":66}},"58":{"start":{"line":213,"column":4},"end":{"line":213,"column":54}},"59":{"start":{"line":215,"column":4},"end":{"line":227,"column":5}},"60":{"start":{"line":216,"column":6},"end":{"line":216,"column":49}},"61":{"start":{"line":219,"column":9},"end":{"line":227,"column":5}},"62":{"start":{"line":220,"column":6},"end":{"line":222,"column":9}},"63":{"start":{"line":221,"column":8},"end":{"line":221,"column":92}},"64":{"start":{"line":226,"column":6},"end":{"line":226,"column":79}},"65":{"start":{"line":230,"column":2},"end":{"line":240,"column":5}},"66":{"start":{"line":232,"column":4},"end":{"line":239,"column":5}},"67":{"start":{"line":233,"column":6},"end":{"line":237,"column":30}},"68":{"start":{"line":238,"column":6},"end":{"line":238,"column":25}},"69":{"start":{"line":242,"column":2},"end":{"line":242,"column":17}},"70":{"start":{"line":253,"column":0},"end":{"line":260,"column":2}},"71":{"start":{"line":254,"column":2},"end":{"line":255,"column":54}},"72":{"start":{"line":257,"column":2},"end":{"line":257,"column":61}},"73":{"start":{"line":259,"column":2},"end":{"line":259,"column":28}},"74":{"start":{"line":271,"column":0},"end":{"line":292,"column":2}},"75":{"start":{"line":272,"column":2},"end":{"line":272,"column":51}},"76":{"start":{"line":274,"column":2},"end":{"line":290,"column":3}},"77":{"start":{"line":276,"column":4},"end":{"line":276,"column":62}},"78":{"start":{"line":278,"column":4},"end":{"line":289,"column":5}},"79":{"start":{"line":279,"column":6},"end":{"line":285,"column":7}},"80":{"start":{"line":280,"column":8},"end":{"line":280,"column":97}},"81":{"start":{"line":281,"column":8},"end":{"line":281,"column":116}},"82":{"start":{"line":284,"column":8},"end":{"line":284,"column":127}},"83":{"start":{"line":288,"column":6},"end":{"line":288,"column":29}},"84":{"start":{"line":291,"column":2},"end":{"line":291,"column":17}},"85":{"start":{"line":303,"column":0},"end":{"line":323,"column":2}},"86":{"start":{"line":305,"column":2},"end":{"line":305,"column":58}},"87":{"start":{"line":306,"column":2},"end":{"line":306,"column":69}},"88":{"start":{"line":308,"column":2},"end":{"line":310,"column":66}},"89":{"start":{"line":312,"column":2},"end":{"line":314,"column":3}},"90":{"start":{"line":313,"column":4},"end":{"line":313,"column":130}},"91":{"start":{"line":316,"column":2},"end":{"line":322,"column":3}},"92":{"start":{"line":317,"column":4},"end":{"line":321,"column":6}},"93":{"start":{"line":325,"column":0},"end":{"line":325,"column":26}}},"branchMap":{"1":{"line":48,"type":"if","locations":[{"start":{"line":48,"column":4},"end":{"line":48,"column":4}},{"start":{"line":48,"column":4},"end":{"line":48,"column":4}}]},"2":{"line":71,"type":"if","locations":[{"start":{"line":71,"column":4},"end":{"line":71,"column":4}},{"start":{"line":71,"column":4},"end":{"line":71,"column":4}}]},"3":{"line":117,"type":"binary-expr","locations":[{"start":{"line":117,"column":15},"end":{"line":117,"column":21}},{"start":{"line":117,"column":25},"end":{"line":117,"column":26}}]},"4":{"line":129,"type":"if","locations":[{"start":{"line":129,"column":2},"end":{"line":129,"column":2}},{"start":{"line":129,"column":2},"end":{"line":129,"column":2}}]},"5":{"line":129,"type":"binary-expr","locations":[{"start":{"line":129,"column":6},"end":{"line":129,"column":17}},{"start":{"line":129,"column":21},"end":{"line":129,"column":43}}]},"6":{"line":137,"type":"if","locations":[{"start":{"line":137,"column":6},"end":{"line":137,"column":6}},{"start":{"line":137,"column":6},"end":{"line":137,"column":6}}]},"7":{"line":138,"type":"if","locations":[{"start":{"line":138,"column":8},"end":{"line":138,"column":8}},{"start":{"line":138,"column":8},"end":{"line":138,"column":8}}]},"8":{"line":141,"type":"if","locations":[{"start":{"line":141,"column":13},"end":{"line":141,"column":13}},{"start":{"line":141,"column":13},"end":{"line":141,"column":13}}]},"9":{"line":169,"type":"cond-expr","locations":[{"start":{"line":169,"column":31},"end":{"line":169,"column":50}},{"start":{"line":169,"column":53},"end":{"line":169,"column":55}}]},"10":{"line":171,"type":"if","locations":[{"start":{"line":171,"column":2},"end":{"line":171,"column":2}},{"start":{"line":171,"column":2},"end":{"line":171,"column":2}}]},"11":{"line":200,"type":"if","locations":[{"start":{"line":200,"column":2},"end":{"line":200,"column":2}},{"start":{"line":200,"column":2},"end":{"line":200,"column":2}}]},"12":{"line":201,"type":"binary-expr","locations":[{"start":{"line":201,"column":14},"end":{"line":201,"column":62}},{"start":{"line":201,"column":66},"end":{"line":201,"column":68}}]},"13":{"line":202,"type":"if","locations":[{"start":{"line":202,"column":4},"end":{"line":202,"column":4}},{"start":{"line":202,"column":4},"end":{"line":202,"column":4}}]},"14":{"line":215,"type":"if","locations":[{"start":{"line":215,"column":4},"end":{"line":215,"column":4}},{"start":{"line":215,"column":4},"end":{"line":215,"column":4}}]},"15":{"line":219,"type":"if","locations":[{"start":{"line":219,"column":9},"end":{"line":219,"column":9}},{"start":{"line":219,"column":9},"end":{"line":219,"column":9}}]},"16":{"line":219,"type":"binary-expr","locations":[{"start":{"line":219,"column":13},"end":{"line":219,"column":26}},{"start":{"line":219,"column":30},"end":{"line":219,"column":60}}]},"17":{"line":232,"type":"if","locations":[{"start":{"line":232,"column":4},"end":{"line":232,"column":4}},{"start":{"line":232,"column":4},"end":{"line":232,"column":4}}]},"18":{"line":235,"type":"cond-expr","locations":[{"start":{"line":235,"column":35},"end":{"line":235,"column":49}},{"start":{"line":235,"column":52},"end":{"line":235,"column":87}}]},"19":{"line":274,"type":"if","locations":[{"start":{"line":274,"column":2},"end":{"line":274,"column":2}},{"start":{"line":274,"column":2},"end":{"line":274,"column":2}}]},"20":{"line":278,"type":"if","locations":[{"start":{"line":278,"column":4},"end":{"line":278,"column":4}},{"start":{"line":278,"column":4},"end":{"line":278,"column":4}}]},"21":{"line":305,"type":"cond-expr","locations":[{"start":{"line":305,"column":45},"end":{"line":305,"column":52}},{"start":{"line":305,"column":55},"end":{"line":305,"column":57}}]},"22":{"line":306,"type":"cond-expr","locations":[{"start":{"line":306,"column":51},"end":{"line":306,"column":61}},{"start":{"line":306,"column":64},"end":{"line":306,"column":68}}]},"23":{"line":312,"type":"if","locations":[{"start":{"line":312,"column":2},"end":{"line":312,"column":2}},{"start":{"line":312,"column":2},"end":{"line":312,"column":2}}]},"24":{"line":316,"type":"if","locations":[{"start":{"line":316,"column":2},"end":{"line":316,"column":2}},{"start":{"line":316,"column":2},"end":{"line":316,"column":2}}]},"25":{"line":316,"type":"binary-expr","locations":[{"start":{"line":316,"column":6},"end":{"line":316,"column":43}},{"start":{"line":316,"column":47},"end":{"line":316,"column":97}}]}},"code":["'use strict';","","var slConfig = require('./lib/config'),","    groot = require('./lib/groot'),","    exceptions = require('./lib/exceptions'),","    helpers = require('./lib/helpers'),","    slRules = require('./lib/rules'),","    ruleToggler = require('./lib/ruleToggler'),","    glob = require('glob'),","    path = require('path'),","    fs = require('fs-extra'),","    globule = require('globule');","","var getToggledRules = ruleToggler.getToggledRules,","    isResultEnabled = ruleToggler.isResultEnabled;","","var sassLint = function (config) { // eslint-disable-line no-unused-vars","  config = require('./lib/config')(config);","  return;","};","","/**"," * Takes any user specified options and a configPath"," * which returns a compiled config object"," *"," * @param {object} config user specified rules/options passed in"," * @param {string} configPath path to a config file"," * @returns {object} the compiled config object"," */","sassLint.getConfig = function (config, configPath) {","  return slConfig(config, configPath);","};","","/**"," * Parses our results object to count errors and return"," * paths to files with detected errors."," *"," * @param {object} results our results object"," * @returns {object} errors object containing the error count and paths for files incl. errors"," */","sassLint.errorCount = function (results) {","  var errors = {","    count: 0,","    files: []","  };","","  results.forEach(function (result) {","    if (result.errorCount) {","      errors.count += result.errorCount;","      errors.files.push(result.filePath);","    }","  });","","  return errors;","};","","/**"," * Parses our results object to count warnings and return"," * paths to files with detected warnings."," *"," * @param {object} results our results object"," * @returns {object} warnings object containing the error count and paths for files incl. warnings"," */","sassLint.warningCount = function (results) {","  var warnings = {","    count: 0,","    files: []","  };","","  results.forEach(function (result) {","    if (result.warningCount) {","      warnings.count += result.warningCount;","      warnings.files.push(result.filePath);","    }","  });","","  return warnings;","};","","/**"," * Parses our results object to count warnings and errors and return"," * a cumulative count of both"," *"," * @param {object} results our results object"," * @returns {int} the cumulative count of errors and warnings detected"," */","sassLint.resultCount = function (results) {","  var warnings = this.warningCount(results),","      errors = this.errorCount(results);","","  return warnings.count + errors.count;","};","","/**"," * Runs each rule against our AST tree and returns our main object of detected"," * errors, warnings, messages and filenames."," *"," * @param {object} file file object from fs.readFileSync"," * @param {object} options user specified rules/options passed in"," * @param {string} configPath path to a config file"," * @returns {object} an object containing error & warning counts plus lint messages for each parsed file"," */","sassLint.lintText = function (file, options, configPath) {","  var rules = slRules(this.getConfig(options, configPath)),","      ast = {},","      detects,","      results = [],","      errors = 0,","      warnings = 0,","      ruleToggles = null,","      isEnabledFilter = null;","","  try {","    ast = groot(file.text, file.format, file.filename);","  }","  catch (e) {","    var line = e.line || 1;","    errors++;","","    results = [{","      ruleId: 'Fatal',","      line: line,","      column: 1,","      message: e.message,","      severity: 2","    }];","  }","","  if (ast.content && ast.content.length > 0) {","    ruleToggles = getToggledRules(ast);","    isEnabledFilter = isResultEnabled(ruleToggles);","","    rules.forEach(function (rule) {","      detects = rule.rule.detect(ast, rule)","        .filter(isEnabledFilter);","      results = results.concat(detects);","      if (detects.length) {","        if (rule.severity === 1) {","          warnings += detects.length;","        }","        else if (rule.severity === 2) {","          errors += detects.length;","        }","      }","    });","  }","","  results.sort(helpers.sortDetects);","","  return {","    'filePath': file.filename,","    'warningCount': warnings,","    'errorCount': errors,","    'messages': results","  };","};","","/**"," * Handles ignored files for plugins such as the gulp plugin. Checks every file passed to it against"," * the ignores as specified in our users config or passed in options."," *"," * @param {object} file - The file/text to be linted"," * @param {object} options - The user defined options directly passed in"," * @param {object} configPath - Path to a config file"," * @returns {object} Return the results of lintText - a results object"," */","sassLint.lintFileText = function (file, options, configPath) {","  var config = this.getConfig(options, configPath),","      ignores = config.files ? config.files.ignore : [];","","  if (!globule.isMatch(ignores, file.filename)) {","    return this.lintText(file, options, configPath);","  }","","  return {","    'filePath': file.filename,","    'warningCount': 0,","    'errorCount': 0,","    'messages': []","  };","};","","/**"," * Takes a glob pattern or target string and creates an array of files as targets for"," * linting taking into account any user specified ignores. For each resulting file sassLint.lintText"," * is called which returns an object of results for that file which we push to our results object."," *"," * @param {string} files a glob pattern or single file path as a lint target"," * @param {object} options user specified rules/options passed in"," * @param {string} configPath path to a config file"," * @returns {object} results object containing all results"," */","sassLint.lintFiles = function (files, options, configPath) {","  var that = this,","      results = [],","      includes = [],","      ignores = '';","","  // Files passed as a string on the command line","  if (files) {","    ignores = this.getConfig(options, configPath).files.ignore || '';","    if (files.indexOf(', ') !== -1) {","      files.split(', ').forEach(function (pattern) {","        includes = includes.concat(glob.sync(pattern, {ignore: ignores, nodir: true}));","      });","    }","    else {","      includes = glob.sync(files, {ignore: ignores, nodir: true});","    }","  }","  // If not passed in then we look in the config file","  else {","    files = this.getConfig(options, configPath).files;","    // A glob pattern of files can be just a string","    if (typeof files === 'string') {","      includes = glob.sync(files, {nodir: true});","    }","    // Look into the include property of files and check if there's an array of files","    else if (files.include && files.include instanceof Array) {","      files.include.forEach(function (pattern) {","        includes = includes.concat(glob.sync(pattern, {ignore: files.ignore, nodir: true}));","      });","    }","    // Or there is only one pattern in the include property of files","    else {","      includes = glob.sync(files.include, {ignore: files.ignore, nodir: true});","    }","  }","","  includes.forEach(function (file, index) {","    // Only lint non duplicate files from our glob results","    if (includes.indexOf(file) === index) {","      var lint = that.lintText({","        'text': fs.readFileSync(file),","        'format': options.syntax ? options.syntax : path.extname(file).replace('.', ''),","        'filename': file","      }, options, configPath);","      results.push(lint);","    }","  });","","  return results;","};","","/**"," * Handles formatting of results using EsLint formatters"," *"," * @param {object} results our results object"," * @param {object} options user specified rules/options passed in"," * @param {string} configPath path to a config file"," * @returns {object} results our results object in the user specified format"," */","sassLint.format = function (results, options, configPath) {","  var config = this.getConfig(options, configPath),","      format = config.options.formatter.toLowerCase();","","  var formatted = require('eslint/lib/formatters/' + format);","","  return formatted(results);","};","","/**"," * Handles outputting results whether this be straight to the console/stdout or to a file."," * Passes results to the format function to ensure results are output in the chosen format"," *"," * @param {object} results our results object"," * @param {object} options user specified rules/options passed in"," * @param {string} configPath path to a config file"," * @returns {object} results our results object"," */","sassLint.outputResults = function (results, options, configPath) {","  var config = this.getConfig(options, configPath);","","  if (this.resultCount(results)) {","","    var formatted = this.format(results, options, configPath);","","    if (config.options['output-file']) {","      try {","        fs.outputFileSync(path.resolve(process.cwd(), config.options['output-file']), formatted);","        console.log('Output successfully written to ' + path.resolve(process.cwd(), config.options['output-file']));","      }","      catch (e) {","        console.log('Error: Output was unable to be written to ' + path.resolve(process.cwd(), config.options['output-file']));","      }","    }","    else {","      console.log(formatted);","    }","  }","  return results;","};","","/**"," * Throws an error if there are any errors detected. The error includes a count of all errors"," * and a list of all files that include errors."," *"," * @param {object} results - our results object"," * @param {object} [options] - extra options to use when running failOnError, e.g. max-warnings"," * @param {string} [configPath] - path to the config file"," * @returns {void}"," */","sassLint.failOnError = function (results, options, configPath) {","  // Default parameters","  options = typeof options !== 'undefined' ? options : {};","  configPath = typeof configPath !== 'undefined' ? configPath : null;","","  var errorCount = this.errorCount(results),","      warningCount = this.warningCount(results),","      configOptions = this.getConfig(options, configPath).options;","","  if (errorCount.count > 0) {","    throw new exceptions.SassLintFailureError(errorCount.count + ' errors were detected in \\n- ' + errorCount.files.join('\\n- '));","  }","","  if (!isNaN(configOptions['max-warnings']) && warningCount.count > configOptions['max-warnings']) {","    throw new exceptions.MaxWarningsExceededError(","      'Number of warnings (' + warningCount.count +","      ') exceeds the allowed maximum of ' + configOptions['max-warnings'] +","      '.\\n'","    );","  }","};","","module.exports = sassLint;",""],"l":{"3":1,"14":1,"17":1,"18":0,"19":0,"30":1,"31":0,"41":1,"42":0,"47":0,"48":0,"49":0,"50":0,"54":0,"64":1,"65":0,"70":0,"71":0,"72":0,"73":0,"77":0,"87":1,"88":0,"91":0,"103":1,"104":0,"113":0,"114":0,"117":0,"118":0,"120":0,"129":0,"130":0,"131":0,"133":0,"134":0,"136":0,"137":0,"138":0,"139":0,"141":0,"142":0,"148":0,"150":0,"167":1,"168":0,"171":0,"172":0,"175":0,"193":1,"194":0,"200":0,"201":0,"202":0,"203":0,"204":0,"208":0,"213":0,"215":0,"216":0,"219":0,"220":0,"221":0,"226":0,"230":0,"232":0,"233":0,"238":0,"242":0,"253":1,"254":0,"257":0,"259":0,"271":1,"272":0,"274":0,"276":0,"278":0,"279":0,"280":0,"281":0,"284":0,"288":0,"291":0,"303":1,"305":0,"306":0,"308":0,"312":0,"313":0,"316":0,"317":0,"325":1}},"/home/travis/build/npmtest/node-npmtest-sass-lint/node_modules/sass-lint/lib/config.js":{"path":"/home/travis/build/npmtest/node-npmtest-sass-lint/node_modules/sass-lint/lib/config.js","s":{"1":1,"2":1,"3":1,"4":0,"5":0,"6":0,"7":0,"8":0,"9":0,"10":0,"11":0,"12":0,"13":0,"14":0,"15":0,"16":0,"17":0,"18":0,"19":0,"20":0,"21":0,"22":0,"23":0,"24":0,"25":0,"26":0,"27":0,"28":0,"29":0,"30":0,"31":0,"32":0,"33":0,"34":0,"35":0,"36":0,"37":0,"38":0,"39":0,"40":0},"b":{"1":[0,0],"2":[0,0],"3":[0,0],"4":[0,0],"5":[0,0],"6":[0,0],"7":[0,0],"8":[0,0],"9":[0,0],"10":[0,0],"11":[0,0],"12":[0,0],"13":[0,0],"14":[0,0],"15":[0,0],"16":[0,0],"17":[0,0],"18":[0,0],"19":[0,0],"20":[0,0],"21":[0,0],"22":[0,0],"23":[0,0],"24":[0,0],"25":[0,0,0,0],"26":[0,0],"27":[0,0],"28":[0,0]},"f":{"1":0},"fnMap":{"1":{"name":"(anonymous_1)","line":11,"loc":{"start":{"line":11,"column":17},"end":{"line":11,"column":48}}}},"statementMap":{"1":{"start":{"line":3,"column":0},"end":{"line":6,"column":49}},"2":{"start":{"line":8,"column":0},"end":{"line":9,"column":25}},"3":{"start":{"line":11,"column":0},"end":{"line":109,"column":2}},"4":{"start":{"line":12,"column":2},"end":{"line":21,"column":15}},"5":{"start":{"line":24,"column":2},"end":{"line":24,"column":35}},"6":{"start":{"line":25,"column":2},"end":{"line":25,"column":53}},"7":{"start":{"line":28,"column":2},"end":{"line":38,"column":3}},"8":{"start":{"line":29,"column":4},"end":{"line":31,"column":5}},"9":{"start":{"line":30,"column":6},"end":{"line":30,"column":25}},"10":{"start":{"line":35,"column":4},"end":{"line":37,"column":5}},"11":{"start":{"line":36,"column":6},"end":{"line":36,"column":25}},"12":{"start":{"line":40,"column":2},"end":{"line":42,"column":3}},"13":{"start":{"line":41,"column":4},"end":{"line":41,"column":48}},"14":{"start":{"line":44,"column":2},"end":{"line":59,"column":3}},"15":{"start":{"line":45,"column":4},"end":{"line":45,"column":59}},"16":{"start":{"line":46,"column":4},"end":{"line":48,"column":5}},"17":{"start":{"line":47,"column":6},"end":{"line":47,"column":31}},"18":{"start":{"line":50,"column":4},"end":{"line":55,"column":5}},"19":{"start":{"line":51,"column":6},"end":{"line":51,"column":77}},"20":{"start":{"line":54,"column":6},"end":{"line":54,"column":65}},"21":{"start":{"line":57,"column":7},"end":{"line":59,"column":3}},"22":{"start":{"line":58,"column":4},"end":{"line":58,"column":57}},"23":{"start":{"line":61,"column":2},"end":{"line":61,"column":46}},"24":{"start":{"line":62,"column":2},"end":{"line":62,"column":64}},"25":{"start":{"line":65,"column":2},"end":{"line":65,"column":103}},"26":{"start":{"line":68,"column":2},"end":{"line":68,"column":82}},"27":{"start":{"line":71,"column":2},"end":{"line":71,"column":106}},"28":{"start":{"line":74,"column":2},"end":{"line":74,"column":85}},"29":{"start":{"line":80,"column":2},"end":{"line":80,"column":40}},"30":{"start":{"line":81,"column":2},"end":{"line":81,"column":59}},"31":{"start":{"line":85,"column":2},"end":{"line":87,"column":3}},"32":{"start":{"line":86,"column":4},"end":{"line":86,"column":37}},"33":{"start":{"line":92,"column":2},"end":{"line":97,"column":3}},"34":{"start":{"line":93,"column":4},"end":{"line":93,"column":38}},"35":{"start":{"line":95,"column":7},"end":{"line":97,"column":3}},"36":{"start":{"line":96,"column":4},"end":{"line":96,"column":74}},"37":{"start":{"line":100,"column":2},"end":{"line":100,"column":105}},"38":{"start":{"line":103,"column":2},"end":{"line":103,"column":80}},"39":{"start":{"line":106,"column":2},"end":{"line":106,"column":48}},"40":{"start":{"line":108,"column":2},"end":{"line":108,"column":21}}},"branchMap":{"1":{"line":24,"type":"cond-expr","locations":[{"start":{"line":24,"column":22},"end":{"line":24,"column":29}},{"start":{"line":24,"column":32},"end":{"line":24,"column":34}}]},"2":{"line":25,"type":"cond-expr","locations":[{"start":{"line":25,"column":34},"end":{"line":25,"column":47}},{"start":{"line":25,"column":50},"end":{"line":25,"column":52}}]},"3":{"line":28,"type":"if","locations":[{"start":{"line":28,"column":2},"end":{"line":28,"column":2}},{"start":{"line":28,"column":2},"end":{"line":28,"column":2}}]},"4":{"line":28,"type":"binary-expr","locations":[{"start":{"line":28,"column":6},"end":{"line":28,"column":21}},{"start":{"line":28,"column":25},"end":{"line":28,"column":71}}]},"5":{"line":29,"type":"if","locations":[{"start":{"line":29,"column":4},"end":{"line":29,"column":4}},{"start":{"line":29,"column":4},"end":{"line":29,"column":4}}]},"6":{"line":29,"type":"binary-expr","locations":[{"start":{"line":29,"column":8},"end":{"line":29,"column":39}},{"start":{"line":29,"column":43},"end":{"line":29,"column":74}}]},"7":{"line":35,"type":"if","locations":[{"start":{"line":35,"column":4},"end":{"line":35,"column":4}},{"start":{"line":35,"column":4},"end":{"line":35,"column":4}}]},"8":{"line":35,"type":"binary-expr","locations":[{"start":{"line":35,"column":8},"end":{"line":35,"column":20}},{"start":{"line":35,"column":24},"end":{"line":35,"column":55}}]},"9":{"line":40,"type":"if","locations":[{"start":{"line":40,"column":2},"end":{"line":40,"column":2}},{"start":{"line":40,"column":2},"end":{"line":40,"column":2}}]},"10":{"line":40,"type":"binary-expr","locations":[{"start":{"line":40,"column":6},"end":{"line":40,"column":21}},{"start":{"line":40,"
[...]
*"," * @param {Object} toggledRules - Contains the information about each rule enable","                                  encountered and and what line/column that block occurred on"," * @param {Array} rules - An array of rule names"," * @param {Object} block - The block that is to be disabled"," */","var addDisableBlock = function (toggledRules, rules, block) {","  rules.map(function (rule) {","    toggledRules.ruleEnable[rule] = toggledRules.ruleEnable[rule] || [];","    toggledRules.ruleEnable[rule].push([false, block.start.line, block.start.column]);","    toggledRules.ruleEnable[rule].push([true, block.end.line, block.end.column]);","  });","};","","/**"," * Adds a globally disabled flag to the toggled rules globalEnable property including the line and column"," * that this comment was encountered on."," *"," * @param {Object} toggledRules - Contains the information about the global disable comment","                                  encountered and and what line/column it occurred on"," * @param {number} line - The line number the disable appeared on"," * @param {number} column - The column number the disable appeared on"," */","var addDisableAll = function (toggledRules, line, column) {","  toggledRules.globalEnable","    .push([false, line, column]);","};","","/**"," * Adds a globally enabled flag to the toggled rules globalEnable property including the line and column"," * that this comment was encountered on."," *"," * @param {Object} toggledRules - Contains the information about the global enable comment","                                  encountered and and what line/column it occurred on"," * @param {number} line - The line number the enable appeared on"," * @param {number} column - The column number the enable appeared on"," */","var addEnableAll = function (toggledRules, line, column) {","  toggledRules.globalEnable","    .push([true, line, column]);","};","","/**"," * Adds a line disabled flag to the ruleEnable property of the toggledRules object for each rule name"," * encountered in the comment and which line this comment was discovered on / refers to"," *"," * @param {Object} toggledRules - Contains the information about the line disable comment encountered, the rules"," *                              it relates to and which line it was encountered on"," * @param {Array} rules - An array of rule names to apply"," * @param {number} line - The line number that this disable should refer to"," */","var addDisableLine = function (toggledRules, rules, line) {","  rules.map(function (rule) {","    toggledRules.ruleEnable[rule] = toggledRules.ruleEnable[rule] || [];","    // NOTE: corner case not handled here: a 2nd disable inside an ignored line, which is unrealistically pathological.","    toggledRules.ruleEnable[rule].push([false, line, 1]);","    toggledRules.ruleEnable[rule].push([true, line + 1, 1]);","  });","};","","/**"," * This is the sorting function we use to sort the toggle stacks in our getToggledRules method"," * First sorts by line and then by column if the lines are identical"," *"," * @param {Array} toggleRangeA - The first rule to sort"," * @param {Array} toggleRangeB - The second rule to sort"," *"," * @returns {number} A pointer to signify to the sort method how the currently in focus value should be sorted"," */","var sortRange = function (toggleRangeA, toggleRangeB) {","  var aLine = toggleRangeA[1],","      aCol = toggleRangeA[2],","      bLine = toggleRangeB[1],","      bCol = toggleRangeB[2];","  if (aLine < bLine) {","    return -1;","  }","  if (aLine > bLine) {","    return 1;","  }","  if (aCol < bCol) {","    return -1;","  }","  if (aCol > bCol) {","    return 1;","  }","  return 0;","};","","/**"," * Checks if line number A is before line number B, if it's the same then it checks if the column of A"," * is before the column of B"," *"," * @param {number} x - The line number of A"," * @param {number} y - The column number of A"," * @param {number} x2 - The line number of B"," * @param {number} y2 - The column number of B"," *"," * @returns {Boolean} Whether the current line/column A is before or the same as B"," */","var isBeforeOrSame = function (x, y, x2, y2) {","  return x < x2 || (x === x2 && y < y2);","};","","/**"," * Traverses the AST looking for sass-lint disable/enable comments and then builds an Object/node representation"," * of any it encounters"," *"," * @param {Object} ast - Gonzales PE abstract syntax tree"," *"," * @returns {Object} The toggledRules object containing all of our rule enable/disable information"," */","module.exports.getToggledRules = function (ast) {","  var toggledRules = {","    ruleEnable: {","      // Format in here is [isEnabled, line, column]","    },","    globalEnable: []","  };","  if (!ast.traverseByTypes) {","    return toggledRules;","  }","  ast.traverseByTypes(['multilineComment', 'singlelineComment'], function (comment, i, parent) {","    var content = comment.content;","    if (!content) {","      return;","    }","    var tokens = content.split(/[\\s,]+/)","      .filter(function (s) {","        return s.trim().length > 0;","      });","    if (!tokens.length) {","      return;","    }","    var first = tokens[0],","        rules = tokens.slice(1);","    switch (first) {","    case 'sass-lint:disable':","      addDisable(toggledRules, rules, comment.start.line, comment.start.column);","      break;","    case 'sass-lint:enable':","      addEnable(toggledRules, rules, comment.start.line, comment.start.column);","      break;","    case 'sass-lint:disable-block':","      // future ref: not sure what the appropriate behavior is if there is no parent block; currently NPEs","      addDisableBlock(toggledRules, rules, parent);","      break;","    case 'sass-lint:disable-all':","      addDisableAll(toggledRules, comment.start.line, comment.start.column);","      break;","    case 'sass-lint:enable-all':","      addEnableAll(toggledRules, comment.start.line, comment.start.column);","      break;","    case 'sass-lint:disable-line':","      addDisableLine(toggledRules, rules, comment.start.line);","      break;","    default:","      return;","    }","  });","  // Sort these toggle stacks so reading them is easier (algorithmically).","  // Usually already sorted but since it's not guaranteed by the contract with gonzales-pe, ensuring it is.","  toggledRules.globalEnable.sort(sortRange);","  Object.keys(toggledRules.ruleEnable).map(function (ruleId) {","    toggledRules.ruleEnable[ruleId].sort(sortRange);","  });","  return toggledRules;","};","","/**"," * Filters our rule results by checking the lint result and its line/column against our"," * toggledRules object to see whether we should still be reporting this lint."," *"," * @param {Object} toggledRules - The toggledRules object containing all of our rule enable/disable information"," *"," * @returns {Boolean} Whether the current rule is disabled for this lint report"," */","module.exports.isResultEnabled = function (toggledRules) {","  return function (ruleResult) {","    var ruleId = ruleResult.ruleId;","    // Convention: if no column or line, assume rule is targetting 1.","    var line = ruleResult.line || 1;","    var column = ruleResult.column || 1;","    var isGloballyEnabled = toggledRules.globalEnable","      .reduce(function (acc, toggleRange) {","        return isBeforeOrSame(line, column, toggleRange[1], toggleRange[2])","          ? acc","          : toggleRange[0];","      }, true);","    if (!isGloballyEnabled) {","      return false;","    }","    if (!toggledRules.ruleEnable[ruleId]) {","      return true;","    }","    var isRuleEnabled = toggledRules.ruleEnable[ruleId]","      .reduce(function (acc, toggleRange) {","        return isBeforeOrSame(line, column, toggleRange[1], toggleRange[2])","          ? acc","          : toggleRange[0];","      }, true);","    if (!isRuleEnabled) {","      return false;","    }","    return true;","  };","};",""],"l":{"14":1,"15":0,"16":0,"17":0,"32":1,"33":0,"34":0,"35":0,"49":1,"50":0,"51":0,"52":0,"53":0,"66":1,"67":0,"80":1,"81":0,"94":1,"95":0,"96":0,"98":0,"99":0,"112":1,"113":0,"117":0,"118":0,"120":0,"121":0,"123":0,"124":0,"126":0,"127":0,"129":0,"143":1,"144":0,"155":1,"156":0,"162":0,"163":0,"165":0,"166":0,"167":0,"168":0,"170":0,"172":0,"174":0,"175":0,"177":0,"179":0,"181":0,"182":0,"184":0,"185":0,"188":0,"189":0,"191":0,"192":0,"194":0,"195":0,"197":0,"198":0,"200":0,"205":0,"206":0,"207":0,"209":0,"220":1,"221":0,"222":0,"224":0,"225":0,"226":0,"228":0,"232":0,"233":0,"235":0,"236":0,"238":0,"240":0,"244":0,"245":0,"247":0}},"/home/travis/build/npmtest/node-npmtest-sass-lint/node_modules/sass-lint/lib/selector-helpers.js":{"path":"/home/travis/build/npmtest/node-npmtest-sass-lint/node_modules/sass-lint/lib/selector-helpers.js","s":{"1":1,"2":1,"3":1,"4":0,"5":1,"6":0,"7":0,"8":0,"9":0,"10":1,"11":0,"12":0,"13":0,"14":0,"15":0,"16":0,"17":0,"18":0,"19":0,"20":0,"21":0,"22":0,"23":0,"24":0,"25":0,"26":0,"27":0,"28":0,"29":0,"30":0,"31":0,"32":0,"33":0,"34":0,"35":0,"36":0,"37":0,"38":0,"39":0,"40":0,"41":0,"42":0,"43":0,"44":0,"45":1},"b":{"1":[0,0],"2":[0,0],"3":[0,0],"4":[0,0],"5":[0,0],"6":[0,0],"7":[0,0],"8":[0,0],"9":[0,0],"10":[0,0],"11":[0,0],"12":[0,0],"13":[0,0],"14":[0,0],"15":[0,0],"16":[0,0]},"f":{"1":0,"2":0,"3":0,"4":0},"fnMap":{"1":{"name":"(anonymous_1)","line":37,"loc":{"start":{"line":37,"column":17},"end":{"line":37,"column":48}}},"2":{"name":"(anonymous_2)","line":51,"loc":{"start":{"line":51,"column":27},"end":{"line":51,"column":77}}},"3":{"name":"(anonymous_3)","line":53,"loc":{"start":{"line":53,"column":14},"end":{"line":53,"column":33}}},"4":{"name":"(anonymous_4)","line":70,"loc":{"start":{"line":70,"column":24},"end":{"line":70,"column":39}}}},"statementMap":{"1":{"start":{"line":7,"column":0},"end":{"line":17,"column":2}},"2":{"start":{"line":19,"column":0},"end":{"line":26,"column":2}},"3":{"start":{"line":37,"column":0},"end":{"line":39,"column":2}},"4":{"start":{"line":38,"column":2},"end":{"line":38,"column":39}},"5":{"start":{"line":51,"column":0},"end":{"line":58,"column":2}},"6":{"start":{"line":52,"column":2},"end":{"line":52,"column":23}},"7":{"start":{"line":53,"column":2},"end":{"line":55,"column":5}},"8":{"start":{"line":54,"column":4},"end":{"line":54,"column":42}},"9":{"start":{"line":57,"column":2},"end":{"line":57,"column":26}},"10":{"start":{"line":70,"column":0},"end":{"line":138,"column":2}},"11":{"start":{"line":71,"column":2},"end":{"line":71,"column":21}},"12":{"start":{"line":73,"column":2},"end":{"line":135,"column":3}},"13":{"start":{"line":74,"column":4},"end":{"line":74,"column":69}},"14":{"start":{"line":77,"column":7},"end":{"line":135,"column":3}},"15":{"start":{"line":78,"column":4},"end":{"line":78,"column":68}},"16":{"start":{"line":81,"column":7},"end":{"line":135,"column":3}},"17":{"start":{"line":82,"column":4},"end":{"line":82,"column":69}},"18":{"start":{"line":85,"column":7},"end":{"line":135,"column":3}},"19":{"start":{"line":86,"column":4},"end":{"line":86,"column":39}},"20":{"start":{"line":89,"column":7},"end":{"line":135,"column":3}},"21":{"start":{"line":90,"column":4},"end":{"line":90,"column":39}},"22":{"start":{"line":93,"column":7},"end":{"line":135,"column":3}},"23":{"start":{"line":94,"column":4},"end":{"line":94,"column":70}},"24":{"start":{"line":97,"column":7},"end":{"line":135,"column":3}},"25":{"start":{"line":98,"column":4},"end":{"line":98,"column":40}},"26":{"start":{"line":101,"column":7},"end":{"line":135,"column":3}},"27":{"start":{"line":102,"column":4},"end":{"line":102,"column":68}},"28":{"start":{"line":105,"column":7},"end":{"line":135,"column":3}},"29":{"start":{"line":106,"column":4},"end":{"line":106,"column":69}},"30":{"start":{"line":109,"column":7},"end":{"line":135,"column":3}},"31":{"start":{"line":110,"column":4},"end":{"line":110,"column":68}},"32":{"start":{"line":113,"column":7},"end":{"line":135,"column":3}},"33":{"start":{"line":114,"column":4},"end":{"line":114,"column":68}},"34":{"start":{"line":117,"column":7},"end":{"line":135,"column":3}},"35":{"start":{"line":118,"column":4},"end":{"line":118,"column":40}},"36":{"start":{"line":121,"column":7},"end":{"line":135,"column":3}},"37":{"start":{"line":122,"column":4},"end":{"line":122,"column":18}},"38":{"start":{"line":125,"column":7},"end":{"line":135,"column":3}},"39":{"start":{"line":126,"column":4},"end":{"line":126,"column":68}},"40":{"start":{"line":129,"column":7},"end":{"line":135,"column":3}},"41":{"start":{"line":130,"column":4},"end":{"line":130,"column":26}},"42":{"start":{"line":133,"column":7},"end":{"line":135,"column":3}},"43":{"start":{"line":134,"column":4},"end":{"line":134,"column":67}},"44":{"start":{"line":137,"column":2},"end":{"line":137,"column":17}},"45":{"start":{"line":140,"column":0},"end":{"line":142,"column":2}}},"branchMap":{"1":{"line":73,"type":"if","locations":[{"start":{"line":73,"column":2},"end":{"line":73,"column":2}},{"start":{"line":73,"column":2},"end":{"line":73,"column":2}}]},"2":{"line":77,"type":"if","locations":[{"start":{"line":77,"column":7},"end":{"line":77,"column":7}},{"start":{"line":77,"column":7},"end":{"line":77,"column":7}}]},"3":{"line":81,"type":"if","locations":[{"start":{"line":81,"column":7},"end":{"line":81,"column":7}},{"start":{"line":81,"column":7},"end":{"line":81,"column":7}}]},"4":{"line":85,"type":"if","locations":[{"start":{"line":85,"column":7},"end":{"line":85,"column":7}},{"start":{"line":85,"column":7},"end":{"line":85,"column":7}}]},"5":{"line":89,"type":"if","locations":[{"start":{"line":89,"column":7},"end":{"line":89,"column":7}},{"start":{"line":89,"column":7},"end":{"line":89,"column":7}}]},"6":{"line":93,"type":"if","locations":[{"start":{"line":93,"column":7},"end":{"line":93,"column":7}},{"start":{"line":93,"column":7},"end":{"line":93,"column":7}}]},"7":{"line":97,"type":"if","locations":[{"start":{"line":97,"column":7},"end":{"line":97,"column":7}},{"start":{"line":97,"column":7},"end":{"line":97,"column":7}}]},"8":{"line":101,"type":"if","locations":[{"start":{"line":101,"column":7},"end":{"line":101,"column":7}},{"start":{"line":101,"column":7},"end":{"line":101,"column":7}}]},"9":{"line":105,"type":"if","locations":[{"start":{"line":105,"column":7},"end":{"line":105,"column":7}},{"start":{"line":105,"column":7},"end":{"line":105,"column":7}}]},"10":{"line":109,"type":"if","locations":[{"start":{"line":109,"column":7},"end":{"line":109,"column":7}},{"start":{"line":109,"column":7},"end":{"line":109,"column":7}}]},"11":{"line":113,"type":"if","locations":[{"start":{"line":113,"column":7},"end":{"line":113,"column":7}},{"start":{"line":113,"column":7},"end":{"line":113,"column":7}}]},"12":{"line":117,"type":"if","locations":[{"start":{"line":117,"column":7},"end":{"line":117,"column":7}},{"start":{"line":117,"column":7},"end":{"line":117,"column":7}}]},"13":{"line":121,"type":"if","locations":[{"start":{"line":121,"column":7},"end":{"line":121,"column":7}},{"start":{"line":121,"column":7},"end":{"line":121,"column":7}}]},"14":{"line":125,"type":"if","locations":[{"start":{"line":125,"column":7},"end":{"line":125,"column":7}},{"start":{"line":125,"column":7},"end":{"line":125,"column":7}}]},"15":{"line":129,"type":"if","locations":[{"start":{"line":129,"column":7},"end":{"line":129,"column":7}},{"start":{"line":129,"column":7},"end":{"line":129,"column":7}}]},"16":{"line":133,"type":"if","locations":[{"start":{"line":133,"column":7},"end":{"line":133,"column":7}},{"start":{"line":133,"column":7},"end":{"line":133,"column":7}}]}},"code":["'use strict';","","// ==============================================================================","//  Helpers","// ==============================================================================","","var simpleIdents = [","  'ident',","  'number',","  'operator',","  'combinator',","  'string',","  'parentSelector',","  'delimiter',","  'typeSelector',","  'attributeMatch'","];","","var subSelectors = [","  'parentSelectorExtension',","  'attributeName',","  'attributeValue',","  'dimension',","  'selector',","  'function'","];","","/**"," * Adds grammar around our content blocks to construct selectors with"," * more readable formats."," *"," * @param {object} val - The current value node"," * @param {string} prefix - The grammar to prefix the value with"," * @param {string} suffix - The grammar to add after the value"," * @returns {string} The correct readable format"," */","var addGrammar = function (val, prefix, suffix) {","  return prefix + val.content + suffix;","};","","/**"," * Adds grammar around our content blocks to construct selectors with"," * more readable formats and loops the content as they're within sub blocks."," *"," * @param {object} val - The current value node"," * @param {string} prefix - The grammar to prefix the value with"," * @param {string} suffix - The grammar to add after the value"," * @param {function} constructSelector - The callback we wish to use which means constructSelector in this instance"," * @returns {string} The correct readable format"," */","var constructSubSelector = function (val, prefix, suffix, constructSelector) {","  var content = prefix;","  val.forEach(function (subItem) {","    content += constructSelector(subItem);","  });","","  return content + suffix;","};","","// ==============================================================================","//  Public Methods","// ==============================================================================","","/**"," * Constructs a syntax complete selector for our selector matching and warning output"," *"," * @param {object} val - The current node / part of our selector"," * @returns {string} - Content: The current node with correct syntax e.g. class my-class = '.my-class'"," */","var constructSelector = function (val) {","  var content = null;","","  if (val.is('arguments')) {","    content = constructSubSelector(val, '(', ')', constructSelector);","  }","","  else if (val.is('atkeyword')) {","    content = constructSubSelector(val, '@', '', constructSelector);","  }","","  else if (val.is('attributeSelector')) {","    content = constructSubSelector(val, '[', ']', constructSelector);","  }","","  else if (val.is('class')) {","    content = addGrammar(val, '.', '');","  }","","  else if (val.is('id')) {","    content = addGrammar(val, '#', '');","  }","","  else if (val.is('interpolation')) {","    content = constructSubSelector(val, '#{', '}', constructSelector);","  }","","  else if (val.is('nth')) {","    content = addGrammar(val, '(', ')');","  }","","  else if (val.is('nthSelector')) {","    content = constructSubSelector(val, ':', '', constructSelector);","  }","","  else if (val.is('parentheses')) {","    content = constructSubSelector(val, '(', ')', constructSelector);","  }","","  else if (val.is('placeholder')) {","    content = constructSubSelector(val, '%', '', constructSelector);","  }","","  else if (val.is('pseudoClass')) {","    content = constructSubSelector(val, ':', '', constructSelector);","  }","","  else if (val.is('pseudoElement')) {","    content = addGrammar(val, '::', '');","  }","","  else if (val.is('space')) {","    content = ' ';","  }","","  else if (val.is('variable')) {","    content = constructSubSelector(val, '$', '', constructSelector);","  }","","  else if (simpleIdents.indexOf(val.type) !== -1) {","    content = val.content;","  }","","  else if (subSelectors.indexOf(val.type) !== -1) {","    content = constructSubSelector(val, '', '', constructSelector);","  }","","  return content;","};","","module.exports = {","  constructSelector: constructSelector","};",""],"l":{"7":1,"19":1,"37":1,"38":0,"51":1,"52":0,"53":0,"54":0,"57":0,"70":1,"71":0,"73":0,"74":0,"77":0,"78":0,"81":0,"82":0,"85":0,"86":0,"89":0,"90":0,"93":0,"94":0,"97":0,"98":0,"101":0,"102":0,"105":0,"106":0,"109":0,"110":0,"113":0,"114":0,"117":0,"118":0,"121":0,"122":0,"125":0,"126":0,"129":0,"130":0,"133":0,"134":0,"137":0,"140":1}}}